{"/home/ronsal/dev/zrp/react/src/App.js": {"path":"/home/ronsal/dev/zrp/react/src/App.js","statementMap":{"0":{"start":{"line":10,"column":0},"end":{"line":10,"column":40}},"1":{"start":{"line":12,"column":12},"end":{"line":49,"column":1}},"2":{"start":{"line":13,"column":19},"end":{"line":13,"column":32}},"3":{"start":{"line":15,"column":25},"end":{"line":25,"column":3}},"4":{"start":{"line":16,"column":4},"end":{"line":19,"column":5}},"5":{"start":{"line":17,"column":6},"end":{"line":17,"column":63}},"6":{"start":{"line":18,"column":6},"end":{"line":18,"column":12}},"7":{"start":{"line":20,"column":4},"end":{"line":23,"column":5}},"8":{"start":{"line":21,"column":6},"end":{"line":21,"column":86}},"9":{"start":{"line":22,"column":6},"end":{"line":22,"column":12}},"10":{"start":{"line":24,"column":4},"end":{"line":24,"column":54}},"11":{"start":{"line":27,"column":2},"end":{"line":48,"column":4}},"12":{"start":{"line":39,"column":32},"end":{"line":39,"column":101}},"13":{"start":{"line":40,"column":35},"end":{"line":40,"column":105}},"14":{"start":{"line":41,"column":34},"end":{"line":41,"column":108}},"15":{"start":{"line":42,"column":31},"end":{"line":42,"column":102}}},"fnMap":{"0":{"name":"(anonymous_0)","decl":{"start":{"line":12,"column":12},"end":{"line":12,"column":13}},"loc":{"start":{"line":12,"column":18},"end":{"line":49,"column":1}},"line":12},"1":{"name":"(anonymous_1)","decl":{"start":{"line":15,"column":25},"end":{"line":15,"column":26}},"loc":{"start":{"line":15,"column":34},"end":{"line":25,"column":3}},"line":15},"2":{"name":"(anonymous_2)","decl":{"start":{"line":39,"column":27},"end":{"line":39,"column":28}},"loc":{"start":{"line":39,"column":32},"end":{"line":39,"column":101}},"line":39},"3":{"name":"(anonymous_3)","decl":{"start":{"line":40,"column":30},"end":{"line":40,"column":31}},"loc":{"start":{"line":40,"column":35},"end":{"line":40,"column":105}},"line":40},"4":{"name":"(anonymous_4)","decl":{"start":{"line":41,"column":29},"end":{"line":41,"column":30}},"loc":{"start":{"line":41,"column":34},"end":{"line":41,"column":108}},"line":41},"5":{"name":"(anonymous_5)","decl":{"start":{"line":42,"column":26},"end":{"line":42,"column":27}},"loc":{"start":{"line":42,"column":31},"end":{"line":42,"column":102}},"line":42}},"branchMap":{"0":{"loc":{"start":{"line":16,"column":4},"end":{"line":19,"column":5}},"type":"if","locations":[{"start":{"line":16,"column":4},"end":{"line":19,"column":5}},{"start":{},"end":{}}],"line":16},"1":{"loc":{"start":{"line":16,"column":8},"end":{"line":16,"column":52}},"type":"binary-expr","locations":[{"start":{"line":16,"column":8},"end":{"line":16,"column":12}},{"start":{"line":16,"column":16},"end":{"line":16,"column":39}},{"start":{"line":16,"column":43},"end":{"line":16,"column":52}}],"line":16},"2":{"loc":{"start":{"line":20,"column":4},"end":{"line":23,"column":5}},"type":"if","locations":[{"start":{"line":20,"column":4},"end":{"line":23,"column":5}},{"start":{},"end":{}}],"line":20},"3":{"loc":{"start":{"line":39,"column":32},"end":{"line":39,"column":101}},"type":"binary-expr","locations":[{"start":{"line":39,"column":32},"end":{"line":39,"column":70}},{"start":{"line":39,"column":74},"end":{"line":39,"column":101}}],"line":39},"4":{"loc":{"start":{"line":40,"column":35},"end":{"line":40,"column":105}},"type":"binary-expr","locations":[{"start":{"line":40,"column":35},"end":{"line":40,"column":73}},{"start":{"line":40,"column":77},"end":{"line":40,"column":105}}],"line":40},"5":{"loc":{"start":{"line":41,"column":34},"end":{"line":41,"column":108}},"type":"binary-expr","locations":[{"start":{"line":41,"column":34},"end":{"line":41,"column":72}},{"start":{"line":41,"column":76},"end":{"line":41,"column":108}}],"line":41},"6":{"loc":{"start":{"line":42,"column":31},"end":{"line":42,"column":102}},"type":"binary-expr","locations":[{"start":{"line":42,"column":31},"end":{"line":42,"column":69}},{"start":{"line":42,"column":73},"end":{"line":42,"column":102}}],"line":42}},"s":{"0":1,"1":1,"2":9,"3":9,"4":13,"5":3,"6":3,"7":10,"8":1,"9":1,"10":9,"11":9,"12":0,"13":0,"14":0,"15":0},"f":{"0":9,"1":13,"2":0,"3":0,"4":0,"5":0},"b":{"0":[3,10],"1":[13,12,11],"2":[1,9],"3":[0,0],"4":[0,0],"5":[0,0],"6":[0,0]},"_coverageSchema":"1a1c01bbd47fc00a2c39e90264f33305004495a9","hash":"e012e8c5c7dc6989d46f4a267441a95986c6e315"}
,"/home/ronsal/dev/zrp/react/src/ErrorBoundary.js": {"path":"/home/ronsal/dev/zrp/react/src/ErrorBoundary.js","statementMap":{"0":{"start":{"line":7,"column":4},"end":{"line":7,"column":16}},"1":{"start":{"line":8,"column":4},"end":{"line":8,"column":66}},"2":{"start":{"line":12,"column":4},"end":{"line":12,"column":36}},"3":{"start":{"line":16,"column":4},"end":{"line":16,"column":32}},"4":{"start":{"line":17,"column":4},"end":{"line":19,"column":5}},"5":{"start":{"line":18,"column":6},"end":{"line":18,"column":62}},"6":{"start":{"line":22,"column":16},"end":{"line":24,"column":3}},"7":{"start":{"line":23,"column":4},"end":{"line":23,"column":68}},"8":{"start":{"line":27,"column":4},"end":{"line":50,"column":5}},"9":{"start":{"line":28,"column":6},"end":{"line":49,"column":7}},"10":{"start":{"line":52,"column":4},"end":{"line":52,"column":30}},"11":{"start":{"line":56,"column":0},"end":{"line":58,"column":1}}},"fnMap":{"0":{"name":"(anonymous_0)","decl":{"start":{"line":6,"column":2},"end":{"line":6,"column":3}},"loc":{"start":{"line":6,"column":21},"end":{"line":9,"column":3}},"line":6},"1":{"name":"(anonymous_1)","decl":{"start":{"line":11,"column":2},"end":{"line":11,"column":3}},"loc":{"start":{"line":11,"column":41},"end":{"line":13,"column":3}},"line":11},"2":{"name":"(anonymous_2)","decl":{"start":{"line":15,"column":2},"end":{"line":15,"column":3}},"loc":{"start":{"line":15,"column":38},"end":{"line":20,"column":3}},"line":15},"3":{"name":"(anonymous_3)","decl":{"start":{"line":22,"column":16},"end":{"line":22,"column":17}},"loc":{"start":{"line":22,"column":22},"end":{"line":24,"column":3}},"line":22},"4":{"name":"(anonymous_4)","decl":{"start":{"line":26,"column":2},"end":{"line":26,"column":3}},"loc":{"start":{"line":26,"column":11},"end":{"line":53,"column":3}},"line":26}},"branchMap":{"0":{"loc":{"start":{"line":17,"column":4},"end":{"line":19,"column":5}},"type":"if","locations":[{"start":{"line":17,"column":4},"end":{"line":19,"column":5}},{"start":{},"end":{}}],"line":17},"1":{"loc":{"start":{"line":27,"column":4},"end":{"line":50,"column":5}},"type":"if","locations":[{"start":{"line":27,"column":4},"end":{"line":50,"column":5}},{"start":{},"end":{}}],"line":27},"2":{"loc":{"start":{"line":37,"column":11},"end":{"line":44,"column":11}},"type":"binary-expr","locations":[{"start":{"line":37,"column":11},"end":{"line":37,"column":49}},{"start":{"line":37,"column":53},"end":{"line":37,"column":69}},{"start":{"line":38,"column":12},"end":{"line":43,"column":36}}],"line":37}},"s":{"0":18,"1":17,"2":4,"3":2,"4":2,"5":0,"6":17,"7":0,"8":23,"9":6,"10":17,"11":3},"f":{"0":18,"1":4,"2":2,"3":0,"4":23},"b":{"0":[0,2],"1":[6,17],"2":[6,0,0]},"_coverageSchema":"1a1c01bbd47fc00a2c39e90264f33305004495a9","hash":"da400ef22fbbc2fde9243011a5a7d7f048587967"}
,"/home/ronsal/dev/zrp/react/src/Routes.js": {"path":"/home/ronsal/dev/zrp/react/src/Routes.js","statementMap":{"0":{"start":{"line":7,"column":15},"end":{"line":10,"column":1}},"1":{"start":{"line":13,"column":15},"end":{"line":21,"column":1}},"2":{"start":{"line":14,"column":2},"end":{"line":20,"column":15}},"3":{"start":{"line":17,"column":8},"end":{"line":17,"column":95}}},"fnMap":{"0":{"name":"(anonymous_0)","decl":{"start":{"line":13,"column":15},"end":{"line":13,"column":16}},"loc":{"start":{"line":14,"column":2},"end":{"line":20,"column":15}},"line":14},"1":{"name":"(anonymous_1)","decl":{"start":{"line":16,"column":18},"end":{"line":16,"column":19}},"loc":{"start":{"line":17,"column":8},"end":{"line":17,"column":95}},"line":17}},"branchMap":{},"s":{"0":1,"1":1,"2":2,"3":4},"f":{"0":2,"1":4},"b":{},"_coverageSchema":"1a1c01bbd47fc00a2c39e90264f33305004495a9","hash":"43fdf0433f874c7787f5e9c78d85acab002a64e4"}
,"/home/ronsal/dev/zrp/react/src/handleErrors.js": {"path":"/home/ronsal/dev/zrp/react/src/handleErrors.js","statementMap":{"0":{"start":{"line":4,"column":22},"end":{"line":23,"column":1}},"1":{"start":{"line":5,"column":2},"end":{"line":22,"column":3}},"2":{"start":{"line":6,"column":4},"end":{"line":15,"column":5}},"3":{"start":{"line":7,"column":6},"end":{"line":12,"column":8}},"4":{"start":{"line":8,"column":29},"end":{"line":8,"column":34}},"5":{"start":{"line":9,"column":8},"end":{"line":9,"column":90}},"6":{"start":{"line":9,"column":34},"end":{"line":9,"column":90}},"7":{"start":{"line":10,"column":24},"end":{"line":10,"column":90}},"8":{"start":{"line":11,"column":8},"end":{"line":11,"column":48}},"9":{"start":{"line":13,"column":11},"end":{"line":15,"column":5}},"10":{"start":{"line":14,"column":6},"end":{"line":14,"column":44}},"11":{"start":{"line":16,"column":9},"end":{"line":22,"column":3}},"12":{"start":{"line":17,"column":4},"end":{"line":17,"column":66}},"13":{"start":{"line":18,"column":9},"end":{"line":22,"column":3}},"14":{"start":{"line":19,"column":4},"end":{"line":19,"column":34}},"15":{"start":{"line":21,"column":4},"end":{"line":21,"column":63}}},"fnMap":{"0":{"name":"(anonymous_0)","decl":{"start":{"line":4,"column":22},"end":{"line":4,"column":23}},"loc":{"start":{"line":4,"column":27},"end":{"line":23,"column":1}},"line":4},"1":{"name":"(anonymous_1)","decl":{"start":{"line":7,"column":46},"end":{"line":7,"column":47}},"loc":{"start":{"line":7,"column":55},"end":{"line":12,"column":7}},"line":7}},"branchMap":{"0":{"loc":{"start":{"line":5,"column":2},"end":{"line":22,"column":3}},"type":"if","locations":[{"start":{"line":5,"column":2},"end":{"line":22,"column":3}},{"start":{"line":16,"column":9},"end":{"line":22,"column":3}}],"line":5},"1":{"loc":{"start":{"line":6,"column":4},"end":{"line":15,"column":5}},"type":"if","locations":[{"start":{"line":6,"column":4},"end":{"line":15,"column":5}},{"start":{"line":13,"column":11},"end":{"line":15,"column":5}}],"line":6},"2":{"loc":{"start":{"line":9,"column":8},"end":{"line":9,"column":90}},"type":"if","locations":[{"start":{"line":9,"column":8},"end":{"line":9,"column":90}},{"start":{},"end":{}}],"line":9},"3":{"loc":{"start":{"line":10,"column":24},"end":{"line":10,"column":90}},"type":"cond-expr","locations":[{"start":{"line":10,"column":52},"end":{"line":10,"column":57}},{"start":{"line":10,"column":60},"end":{"line":10,"column":90}}],"line":10},"4":{"loc":{"start":{"line":13,"column":11},"end":{"line":15,"column":5}},"type":"if","locations":[{"start":{"line":13,"column":11},"end":{"line":15,"column":5}},{"start":{},"end":{}}],"line":13},"5":{"loc":{"start":{"line":16,"column":9},"end":{"line":22,"column":3}},"type":"if","locations":[{"start":{"line":16,"column":9},"end":{"line":22,"column":3}},{"start":{"line":18,"column":9},"end":{"line":22,"column":3}}],"line":16},"6":{"loc":{"start":{"line":18,"column":9},"end":{"line":22,"column":3}},"type":"if","locations":[{"start":{"line":18,"column":9},"end":{"line":22,"column":3}},{"start":{"line":20,"column":9},"end":{"line":22,"column":3}}],"line":18}},"s":{"0":3,"1":17,"2":5,"3":3,"4":3,"5":3,"6":1,"7":2,"8":2,"9":2,"10":1,"11":12,"12":1,"13":11,"14":9,"15":2},"f":{"0":17,"1":3},"b":{"0":[5,12],"1":[3,2],"2":[1,2],"3":[1,1],"4":[1,1],"5":[1,11],"6":[9,2]},"_coverageSchema":"1a1c01bbd47fc00a2c39e90264f33305004495a9","hash":"7298eb788fed5fc9fadd4444998b166e64ec7c8e"}
,"/home/ronsal/dev/zrp/react/src/index.js": {"path":"/home/ronsal/dev/zrp/react/src/index.js","statementMap":{"0":{"start":{"line":18,"column":0},"end":{"line":18,"column":54}},"1":{"start":{"line":19,"column":0},"end":{"line":19,"column":66}},"2":{"start":{"line":21,"column":14},"end":{"line":26,"column":2}},"3":{"start":{"line":24,"column":4},"end":{"line":24,"column":47}},"4":{"start":{"line":27,"column":13},"end":{"line":27,"column":65}},"5":{"start":{"line":28,"column":0},"end":{"line":45,"column":1}},"6":{"start":{"line":39,"column":29},"end":{"line":39,"column":41}},"7":{"start":{"line":50,"column":0},"end":{"line":50,"column":28}}},"fnMap":{"0":{"name":"(anonymous_0)","decl":{"start":{"line":23,"column":14},"end":{"line":23,"column":15}},"loc":{"start":{"line":24,"column":4},"end":{"line":24,"column":47}},"line":24},"1":{"name":"(anonymous_1)","decl":{"start":{"line":39,"column":18},"end":{"line":39,"column":19}},"loc":{"start":{"line":39,"column":29},"end":{"line":39,"column":41}},"line":39}},"branchMap":{},"s":{"0":0,"1":0,"2":0,"3":0,"4":0,"5":0,"6":0,"7":0},"f":{"0":0,"1":0},"b":{}}
,"/home/ronsal/dev/zrp/react/src/reducers.js": {"path":"/home/ronsal/dev/zrp/react/src/reducers.js","statementMap":{"0":{"start":{"line":6,"column":20},"end":{"line":10,"column":2}}},"fnMap":{},"branchMap":{},"s":{"0":1},"f":{},"b":{},"_coverageSchema":"1a1c01bbd47fc00a2c39e90264f33305004495a9","hash":"91a702f5ff067d2857de69fa59140d046b52630f"}
,"/home/ronsal/dev/zrp/react/src/reportWebVitals.js": {"path":"/home/ronsal/dev/zrp/react/src/reportWebVitals.js","statementMap":{"0":{"start":{"line":1,"column":24},"end":{"line":11,"column":1}},"1":{"start":{"line":2,"column":2},"end":{"line":10,"column":3}},"2":{"start":{"line":3,"column":4},"end":{"line":9,"column":7}},"3":{"start":{"line":4,"column":6},"end":{"line":4,"column":26}},"4":{"start":{"line":5,"column":6},"end":{"line":5,"column":26}},"5":{"start":{"line":6,"column":6},"end":{"line":6,"column":26}},"6":{"start":{"line":7,"column":6},"end":{"line":7,"column":26}},"7":{"start":{"line":8,"column":6},"end":{"line":8,"column":27}}},"fnMap":{"0":{"name":"(anonymous_0)","decl":{"start":{"line":1,"column":24},"end":{"line":1,"column":25}},"loc":{"start":{"line":1,"column":39},"end":{"line":11,"column":1}},"line":1},"1":{"name":"(anonymous_1)","decl":{"start":{"line":3,"column":30},"end":{"line":3,"column":31}},"loc":{"start":{"line":3,"column":79},"end":{"line":9,"column":5}},"line":3}},"branchMap":{"0":{"loc":{"start":{"line":2,"column":2},"end":{"line":10,"column":3}},"type":"if","locations":[{"start":{"line":2,"column":2},"end":{"line":10,"column":3}},{"start":{},"end":{}}],"line":2},"1":{"loc":{"start":{"line":2,"column":6},"end":{"line":2,"column":52}},"type":"binary-expr","locations":[{"start":{"line":2,"column":6},"end":{"line":2,"column":17}},{"start":{"line":2,"column":21},"end":{"line":2,"column":52}}],"line":2}},"s":{"0":3,"1":6,"2":0,"3":0,"4":0,"5":0,"6":0,"7":0},"f":{"0":6,"1":0},"b":{"0":[0,6],"1":[6,4]},"_coverageSchema":"1a1c01bbd47fc00a2c39e90264f33305004495a9","hash":"c65b1c6248f7fdeefda2f00d76b8a2772ec13c87"}
,"/home/ronsal/dev/zrp/react/src/ws_action_types.js": {"path":"/home/ronsal/dev/zrp/react/src/ws_action_types.js","statementMap":{"0":{"start":{"line":1,"column":24},"end":{"line":10,"column":2}}},"fnMap":{},"branchMap":{},"s":{"0":1},"f":{},"b":{},"_coverageSchema":"1a1c01bbd47fc00a2c39e90264f33305004495a9","hash":"f2aa57b54151b0dcb9ea08bafef4331d5fa1a43a"}
,"/home/ronsal/dev/zrp/react/src/dashboard/AverageScore.js": {"path":"/home/ronsal/dev/zrp/react/src/dashboard/AverageScore.js","statementMap":{"0":{"start":{"line":4,"column":21},"end":{"line":8,"column":1}},"1":{"start":{"line":5,"column":28},"end":{"line":5,"column":63}},"2":{"start":{"line":5,"column":49},"end":{"line":5,"column":62}},"3":{"start":{"line":7,"column":2},"end":{"line":7,"column":104}},"4":{"start":{"line":7,"column":21},"end":{"line":7,"column":104}}},"fnMap":{"0":{"name":"(anonymous_0)","decl":{"start":{"line":4,"column":21},"end":{"line":4,"column":22}},"loc":{"start":{"line":4,"column":27},"end":{"line":8,"column":1}},"line":4},"1":{"name":"(anonymous_1)","decl":{"start":{"line":5,"column":40},"end":{"line":5,"column":41}},"loc":{"start":{"line":5,"column":49},"end":{"line":5,"column":62}},"line":5}},"branchMap":{"0":{"loc":{"start":{"line":7,"column":2},"end":{"line":7,"column":104}},"type":"if","locations":[{"start":{"line":7,"column":2},"end":{"line":7,"column":104}},{"start":{},"end":{}}],"line":7}},"s":{"0":1,"1":2,"2":4,"3":2,"4":1},"f":{"0":2,"1":4},"b":{"0":[1,1]},"_coverageSchema":"1a1c01bbd47fc00a2c39e90264f33305004495a9","hash":"d145a0af19debead7d4353c36df9045b8decc841"}
,"/home/ronsal/dev/zrp/react/src/dashboard/AverageTimeToMatch.js": {"path":"/home/ronsal/dev/zrp/react/src/dashboard/AverageTimeToMatch.js","statementMap":{"0":{"start":{"line":4,"column":27},"end":{"line":13,"column":1}},"1":{"start":{"line":5,"column":65},"end":{"line":5,"column":100}},"2":{"start":{"line":5,"column":86},"end":{"line":5,"column":99}},"3":{"start":{"line":7,"column":15},"end":{"line":7,"column":17}},"4":{"start":{"line":8,"column":2},"end":{"line":8,"column":52}},"5":{"start":{"line":8,"column":13},"end":{"line":8,"column":52}},"6":{"start":{"line":9,"column":2},"end":{"line":9,"column":67}},"7":{"start":{"line":9,"column":15},"end":{"line":9,"column":67}},"8":{"start":{"line":10,"column":2},"end":{"line":10,"column":65}},"9":{"start":{"line":10,"column":15},"end":{"line":10,"column":65}},"10":{"start":{"line":12,"column":2},"end":{"line":12,"column":95}},"11":{"start":{"line":12,"column":14},"end":{"line":12,"column":95}}},"fnMap":{"0":{"name":"(anonymous_0)","decl":{"start":{"line":4,"column":27},"end":{"line":4,"column":28}},"loc":{"start":{"line":4,"column":33},"end":{"line":13,"column":1}},"line":4},"1":{"name":"(anonymous_1)","decl":{"start":{"line":5,"column":77},"end":{"line":5,"column":78}},"loc":{"start":{"line":5,"column":86},"end":{"line":5,"column":99}},"line":5}},"branchMap":{"0":{"loc":{"start":{"line":8,"column":2},"end":{"line":8,"column":52}},"type":"if","locations":[{"start":{"line":8,"column":2},"end":{"line":8,"column":52}},{"start":{},"end":{}}],"line":8},"1":{"loc":{"start":{"line":9,"column":2},"end":{"line":9,"column":67}},"type":"if","locations":[{"start":{"line":9,"column":2},"end":{"line":9,"column":67}},{"start":{},"end":{}}],"line":9},"2":{"loc":{"start":{"line":10,"column":2},"end":{"line":10,"column":65}},"type":"if","locations":[{"start":{"line":10,"column":2},"end":{"line":10,"column":65}},{"start":{},"end":{}}],"line":10},"3":{"loc":{"start":{"line":12,"column":2},"end":{"line":12,"column":95}},"type":"if","locations":[{"start":{"line":12,"column":2},"end":{"line":12,"column":95}},{"start":{},"end":{}}],"line":12}},"s":{"0":1,"1":4,"2":8,"3":4,"4":4,"5":1,"6":4,"7":2,"8":4,"9":3,"10":4,"11":3},"f":{"0":4,"1":8},"b":{"0":[1,3],"1":[2,2],"2":[3,1],"3":[3,1]},"_coverageSchema":"1a1c01bbd47fc00a2c39e90264f33305004495a9","hash":"c41e02cd4649c44db1ce5520af09078d6a015ab7"}
,"/home/ronsal/dev/zrp/react/src/dashboard/BattlesCharts.js": {"path":"/home/ronsal/dev/zrp/react/src/dashboard/BattlesCharts.js","statementMap":{"0":{"start":{"line":5,"column":15},"end":{"line":5,"column":37}},"1":{"start":{"line":6,"column":22},"end":{"line":18,"column":1}},"2":{"start":{"line":7,"column":29},"end":{"line":7,"column":64}},"3":{"start":{"line":7,"column":50},"end":{"line":7,"column":63}},"4":{"start":{"line":9,"column":2},"end":{"line":17,"column":3}}},"fnMap":{"0":{"name":"(anonymous_0)","decl":{"start":{"line":6,"column":22},"end":{"line":6,"column":23}},"loc":{"start":{"line":6,"column":28},"end":{"line":18,"column":1}},"line":6},"1":{"name":"(anonymous_1)","decl":{"start":{"line":7,"column":41},"end":{"line":7,"column":42}},"loc":{"start":{"line":7,"column":50},"end":{"line":7,"column":63}},"line":7}},"branchMap":{},"s":{"0":1,"1":1,"2":1,"3":2,"4":1},"f":{"0":1,"1":2},"b":{},"_coverageSchema":"1a1c01bbd47fc00a2c39e90264f33305004495a9","hash":"2bb2f4ff4386d68689faa65579b7f8f022071d65"}
,"/home/ronsal/dev/zrp/react/src/dashboard/Dashboard.js": {"path":"/home/ronsal/dev/zrp/react/src/dashboard/Dashboard.js","statementMap":{"0":{"start":{"line":11,"column":18},"end":{"line":39,"column":1}},"1":{"start":{"line":12,"column":2},"end":{"line":38,"column":3}}},"fnMap":{"0":{"name":"(anonymous_0)","decl":{"start":{"line":11,"column":18},"end":{"line":11,"column":19}},"loc":{"start":{"line":11,"column":24},"end":{"line":39,"column":1}},"line":11}},"branchMap":{},"s":{"0":1,"1":1},"f":{"0":1},"b":{},"_coverageSchema":"1a1c01bbd47fc00a2c39e90264f33305004495a9","hash":"0a4d7c31ee6dd7135392aace06b578585430ec85"}
,"/home/ronsal/dev/zrp/react/src/dashboard/HeroesDistribution.js": {"path":"/home/ronsal/dev/zrp/react/src/dashboard/HeroesDistribution.js","statementMap":{"0":{"start":{"line":5,"column":27},"end":{"line":29,"column":1}},"1":{"start":{"line":6,"column":34},"end":{"line":6,"column":69}},"2":{"start":{"line":6,"column":55},"end":{"line":6,"column":68}},"3":{"start":{"line":7,"column":17},"end":{"line":12,"column":3}},"4":{"start":{"line":14,"column":2},"end":{"line":28,"column":3}},"5":{"start":{"line":14,"column":27},"end":{"line":28,"column":3}},"6":{"start":{"line":18,"column":10},"end":{"line":24,"column":11}}},"fnMap":{"0":{"name":"(anonymous_0)","decl":{"start":{"line":5,"column":27},"end":{"line":5,"column":28}},"loc":{"start":{"line":5,"column":33},"end":{"line":29,"column":1}},"line":5},"1":{"name":"(anonymous_1)","decl":{"start":{"line":6,"column":46},"end":{"line":6,"column":47}},"loc":{"start":{"line":6,"column":55},"end":{"line":6,"column":68}},"line":6},"2":{"name":"(anonymous_2)","decl":{"start":{"line":17,"column":35},"end":{"line":17,"column":36}},"loc":{"start":{"line":17,"column":54},"end":{"line":25,"column":9}},"line":17}},"branchMap":{"0":{"loc":{"start":{"line":14,"column":2},"end":{"line":28,"column":3}},"type":"if","locations":[{"start":{"line":14,"column":2},"end":{"line":28,"column":3}},{"start":{},"end":{}}],"line":14}},"s":{"0":1,"1":3,"2":6,"3":3,"4":3,"5":1,"6":4},"f":{"0":3,"1":6,"2":4},"b":{"0":[1,2]},"_coverageSchema":"1a1c01bbd47fc00a2c39e90264f33305004495a9","hash":"db993d7047b46b2984a366ce48839c74444a6c37"}
,"/home/ronsal/dev/zrp/react/src/dashboard/HeroesWorking.js": {"path":"/home/ronsal/dev/zrp/react/src/dashboard/HeroesWorking.js","statementMap":{"0":{"start":{"line":6,"column":22},"end":{"line":41,"column":1}},"1":{"start":{"line":7,"column":29},"end":{"line":7,"column":64}},"2":{"start":{"line":7,"column":50},"end":{"line":7,"column":63}},"3":{"start":{"line":9,"column":2},"end":{"line":40,"column":3}}},"fnMap":{"0":{"name":"(anonymous_0)","decl":{"start":{"line":6,"column":22},"end":{"line":6,"column":23}},"loc":{"start":{"line":6,"column":28},"end":{"line":41,"column":1}},"line":6},"1":{"name":"(anonymous_1)","decl":{"start":{"line":7,"column":41},"end":{"line":7,"column":42}},"loc":{"start":{"line":7,"column":50},"end":{"line":7,"column":63}},"line":7}},"branchMap":{},"s":{"0":1,"1":1,"2":2,"3":1},"f":{"0":1,"1":2},"b":{},"_coverageSchema":"1a1c01bbd47fc00a2c39e90264f33305004495a9","hash":"7666cc96f18a903d8a6ebbaedebea60fb721015d"}
,"/home/ronsal/dev/zrp/react/src/dashboard/HistoricalThreats.js": {"path":"/home/ronsal/dev/zrp/react/src/dashboard/HistoricalThreats.js","statementMap":{"0":{"start":{"line":11,"column":37},"end":{"line":11,"column":42}},"1":{"start":{"line":12,"column":15},"end":{"line":12,"column":19}},"2":{"start":{"line":13,"column":19},"end":{"line":29,"column":1}},"3":{"start":{"line":14,"column":2},"end":{"line":28,"column":9}},"4":{"start":{"line":18,"column":8},"end":{"line":18,"column":26}},"5":{"start":{"line":21,"column":36},"end":{"line":21,"column":59}},"6":{"start":{"line":31,"column":0},"end":{"line":36,"column":1}},"7":{"start":{"line":38,"column":17},"end":{"line":48,"column":1}},"8":{"start":{"line":39,"column":23},"end":{"line":39,"column":28}},"9":{"start":{"line":41,"column":2},"end":{"line":47,"column":3}},"10":{"start":{"line":50,"column":0},"end":{"line":56,"column":1}},"11":{"start":{"line":58,"column":17},"end":{"line":78,"column":1}},"12":{"start":{"line":59,"column":17},"end":{"line":64,"column":3}},"13":{"start":{"line":66,"column":2},"end":{"line":77,"column":4}},"14":{"start":{"line":80,"column":0},"end":{"line":83,"column":1}},"15":{"start":{"line":85,"column":22},"end":{"line":88,"column":1}},"16":{"start":{"line":86,"column":21},"end":{"line":86,"column":28}},"17":{"start":{"line":87,"column":2},"end":{"line":87,"column":52}},"18":{"start":{"line":90,"column":0},"end":{"line":93,"column":1}},"19":{"start":{"line":95,"column":23},"end":{"line":98,"column":1}},"20":{"start":{"line":96,"column":21},"end":{"line":96,"column":28}},"21":{"start":{"line":97,"column":2},"end":{"line":97,"column":53}},"22":{"start":{"line":100,"column":0},"end":{"line":103,"column":1}},"23":{"start":{"line":105,"column":15},"end":{"line":125,"column":1}},"24":{"start":{"line":106,"column":21},"end":{"line":106,"column":26}},"25":{"start":{"line":107,"column":17},"end":{"line":112,"column":3}},"26":{"start":{"line":113,"column":2},"end":{"line":113,"column":121}},"27":{"start":{"line":113,"column":27},"end":{"line":113,"column":121}},"28":{"start":{"line":114,"column":2},"end":{"line":123,"column":3}},"29":{"start":{"line":127,"column":0},"end":{"line":132,"column":1}},"30":{"start":{"line":134,"column":26},"end":{"line":147,"column":1}},"31":{"start":{"line":135,"column":21},"end":{"line":135,"column":28}},"32":{"start":{"line":136,"column":21},"end":{"line":136,"column":27}},"33":{"start":{"line":138,"column":2},"end":{"line":146,"column":4}},"34":{"start":{"line":149,"column":26},"end":{"line":236,"column":1}},"35":{"start":{"line":150,"column":71},"end":{"line":150,"column":106}},"36":{"start":{"line":150,"column":92},"end":{"line":150,"column":105}},"37":{"start":{"line":151,"column":19},"end":{"line":151,"column":32}},"38":{"start":{"line":153,"column":2},"end":{"line":155,"column":23}},"39":{"start":{"line":154,"column":4},"end":{"line":154,"column":51}},"40":{"start":{"line":157,"column":48},"end":{"line":157,"column":60}},"41":{"start":{"line":159,"column":25},"end":{"line":176,"column":3}},"42":{"start":{"line":160,"column":15},"end":{"line":160,"column":20}},"43":{"start":{"line":161,"column":32},"end":{"line":161,"column":34}},"44":{"start":{"line":163,"column":4},"end":{"line":169,"column":7}},"45":{"start":{"line":164,"column":6},"end":{"line":168,"column":7}},"46":{"start":{"line":165,"column":8},"end":{"line":165,"column":20}},"47":{"start":{"line":167,"column":8},"end":{"line":167,"column":38}},"48":{"start":{"line":171,"column":4},"end":{"line":173,"column":5}},"49":{"start":{"line":172,"column":6},"end":{"line":172,"column":48}},"50":{"start":{"line":175,"column":4},"end":{"line":175,"column":44}},"51":{"start":{"line":178,"column":2},"end":{"line":235,"column":4}},"52":{"start":{"line":201,"column":43},"end":{"line":201,"column":90}},"53":{"start":{"line":214,"column":16},"end":{"line":219,"column":17}}},"fnMap":{"0":{"name":"(anonymous_0)","decl":{"start":{"line":13,"column":19},"end":{"line":13,"column":20}},"loc":{"start":{"line":14,"column":2},"end":{"line":28,"column":9}},"line":14},"1":{"name":"(anonymous_1)","decl":{"start":{"line":17,"column":15},"end":{"line":17,"column":16}},"loc":{"start":{"line":17,"column":21},"end":{"line":19,"column":7}},"line":17},"2":{"name":"(anonymous_2)","decl":{"start":{"line":21,"column":29},"end":{"line":21,"column":30}},"loc":{"start":{"line":21,"column":36},"end":{"line":21,"column":59}},"line":21},"3":{"name":"(anonymous_3)","decl":{"start":{"line":38,"column":17},"end":{"line":38,"column":18}},"loc":{"start":{"line":38,"column":26},"end":{"line":48,"column":1}},"line":38},"4":{"name":"(anonymous_4)","decl":{"start":{"line":58,"column":17},"end":{"line":58,"column":18}},"loc":{"start":{"line":58,"column":53},"end":{"line":78,"column":1}},"line":58},"5":{"name":"(anonymous_5)","decl":{"start":{"line":85,"column":22},"end":{"line":85,"column":23}},"loc":{"start":{"line":85,"column":58},"end":{"line":88,"column":1}},"line":85},"6":{"name":"(anonymous_6)","decl":{"start":{"line":95,"column":23},"end":{"line":95,"column":24}},"loc":{"start":{"line":95,"column":59},"end":{"line":98,"column":1}},"line":95},"7":{"name":"(anonymous_7)","decl":{"start":{"line":105,"column":15},"end":{"line":105,"column":16}},"loc":{"start":{"line":105,"column":24},"end":{"line":125,"column":1}},"line":105},"8":{"name":"(anonymous_8)","decl":{"start":{"line":134,"column":26},"end":{"line":134,"column":27}},"loc":{"start":{"line":134,"column":37},"end":{"line":147,"column":1}},"line":134},"9":{"name":"(anonymous_9)","decl":{"start":{"line":149,"column":26},"end":{"line":149,"column":27}},"loc":{"start":{"line":149,"column":32},"end":{"line":236,"column":1}},"line":149},"10":{"name":"(anonymous_10)","decl":{"start":{"line":150,"column":83},"end":{"line":150,"column":84}},"loc":{"start":{"line":150,"column":92},"end":{"line":150,"column":105}},"line":150},"11":{"name":"(anonymous_11)","decl":{"start":{"line":153,"column":12},"end":{"line":153,"column":13}},"loc":{"start":{"line":153,"column":18},"end":{"line":155,"column":3}},"line":153},"12":{"name":"(anonymous_12)","decl":{"start":{"line":159,"column":25},"end":{"line":159,"column":26}},"loc":{"start":{"line":159,"column":47},"end":{"line":176,"column":3}},"line":159},"13":{"name":"(anonymous_13)","decl":{"start":{"line":163,"column":28},"end":{"line":163,"column":29}},"loc":{"start":{"line":163,"column":35},"end":{"line":169,"column":5}},"line":163},"14":{"name":"(anonymous_14)","decl":{"start":{"line":201,"column":37},"end":{"line":201,"column":38}},"loc":{"start":{"line":201,"column":43},"end":{"line":201,"column":90}},"line":201},"15":{"name":"(anonymous_15)","decl":{"start":{"line":213,"column":15},"end":{"line":213,"column":16}},"loc":{"start":{"line":213,"column":22},"end":{"line":220,"column":15}},"line":213}},"branchMap":{"0":{"loc":{"start":{"line":21,"column":8},"end":{"line":25,"column":9}},"type":"cond-expr","locations":[{"start":{"line":22,"column":10},"end":{"line":22,"column":34}},{"start":{"line":24,"column":10},"end":{"line":24,"column":31}}],"line":21},"1":{"loc":{"start":{"line":43,"column":8},"end":{"line":43,"column":50}},"type":"binary-expr","locations":[{"start":{"line":43,"column":8},"end":{"line":43,"column":43}},{"start":{"line":43,"column":47},"end":{"line":43,"column":50}}],"line":43},"2":{"loc":{"start":{"line":44,"column":8},"end":{"line":44,"column":52}},"type":"binary-expr","locations":[{"start":{"line":44,"column":8},"end":{"line":44,"column":45}},{"start":{"line":44,"column":49},"end":{"line":44,"column":52}}],"line":44},"3":{"loc":{"start":{"line":45,"column":8},"end":{"line":45,"column":52}},"type":"binary-expr","locations":[{"start":{"line":45,"column":8},"end":{"line":45,"column":45}},{"start":{"line":45,"column":49},"end":{"line":45,"column":52}}],"line":45},"4":{"loc":{"start":{"line":113,"column":2},"end":{"line":113,"column":121}},"type":"if","locations":[{"start":{"line":113,"column":2},"end":{"line":113,"column":121}},{"start":{},"end":{}}],"line":113},"5":{"loc":{"start":{"line":164,"column":6},"end":{"line":168,"column":7}},"type":"if","locations":[{"start":{"line":164,"column":6},"end":{"line":168,"column":7}},{"start":{"line":166,"column":13},"end":{"line":168,"column":7}}],"line":164},"6":{"loc":{"start":{"line":171,"column":4},"end":{"line":173,"column":5}},"type":"if","locations":[{"start":{"line":171,"column":4},"end":{"line":173,"column":5}},{"start":{},"end":{}}],"line":171},"7":{"loc":{"start":{"line":180,"column":7},"end":{"line":233,"column":7}},"type":"cond-expr","locations":[{"start":{"line":181,"column":8},"end":{"line":181,"column":65}},{"start":{"line":182,"column":10},"end":{"line":233,"column":7}}],"line":180},"8":{"loc":{"start":{"line":182,"column":10},"end":{"line":233,"column":7}},"type":"cond-expr","locations":[{"start":{"line":183,"column":8},"end":{"line":185,"column":16}},{"start":{"line":187,"column":8},"end":{"line":232,"column":16}}],"line":182}},"s":{"0":1,"1":1,"2":1,"3":27,"4":0,"5":0,"6":1,"7":1,"8":0,"9":0,"10":1,"11":1,"12":27,"13":27,"14":1,"15":1,"16":27,"17":27,"18":1,"19":1,"20":27,"21":27,"22":1,"23":1,"24":0,"25":0,"26":0,"27":0,"28":0,"29":1,"30":1,"31":0,"32":0,"33":0,"34":1,"35":9,"36":18,"37":9,"38":9,"39":9,"40":9,"41":9,"42":0,"43":0,"44":0,"45":0,"46":0,"47":0,"48":0,"49":0,"50":0,"51":9,"52":1,"53":27},"f":{"0":27,"1":0,"2":0,"3":0,"4":27,"5":27,"6":27,"7":0,"8":0,"9":9,"10":18,"11":9,"12":0,"13":0,"14":1,"15":27},"b":{"0":[0,27],"1":[0,0],"2":[0,0],"3":[0,0],"4":[0,0],"5":[0,0],"6":[0,0],"7":[1,8],"8":[1,7]},"_coverageSchema":"1a1c01bbd47fc00a2c39e90264f33305004495a9","hash":"8fc26544b9e50ae1d50e754975bd47c81b300a19"}
,"/home/ronsal/dev/zrp/react/src/dashboard/SuperHero.js": {"path":"/home/ronsal/dev/zrp/react/src/dashboard/SuperHero.js","statementMap":{"0":{"start":{"line":6,"column":18},"end":{"line":22,"column":1}},"1":{"start":{"line":7,"column":25},"end":{"line":7,"column":60}},"2":{"start":{"line":7,"column":46},"end":{"line":7,"column":59}},"3":{"start":{"line":8,"column":17},"end":{"line":13,"column":3}},"4":{"start":{"line":15,"column":2},"end":{"line":21,"column":3}},"5":{"start":{"line":15,"column":18},"end":{"line":21,"column":3}}},"fnMap":{"0":{"name":"(anonymous_0)","decl":{"start":{"line":6,"column":18},"end":{"line":6,"column":19}},"loc":{"start":{"line":6,"column":24},"end":{"line":22,"column":1}},"line":6},"1":{"name":"(anonymous_1)","decl":{"start":{"line":7,"column":37},"end":{"line":7,"column":38}},"loc":{"start":{"line":7,"column":46},"end":{"line":7,"column":59}},"line":7}},"branchMap":{"0":{"loc":{"start":{"line":15,"column":2},"end":{"line":21,"column":3}},"type":"if","locations":[{"start":{"line":15,"column":2},"end":{"line":21,"column":3}},{"start":{},"end":{}}],"line":15}},"s":{"0":1,"1":3,"2":6,"3":3,"4":3,"5":2},"f":{"0":3,"1":6},"b":{"0":[2,1]},"_coverageSchema":"1a1c01bbd47fc00a2c39e90264f33305004495a9","hash":"edd61254ecd0d617755b1eb75a1b42289a0a9792"}
,"/home/ronsal/dev/zrp/react/src/dashboard/ThreatsDisabled.js": {"path":"/home/ronsal/dev/zrp/react/src/dashboard/ThreatsDisabled.js","statementMap":{"0":{"start":{"line":6,"column":24},"end":{"line":41,"column":1}},"1":{"start":{"line":7,"column":31},"end":{"line":7,"column":66}},"2":{"start":{"line":7,"column":52},"end":{"line":7,"column":65}},"3":{"start":{"line":9,"column":2},"end":{"line":40,"column":3}}},"fnMap":{"0":{"name":"(anonymous_0)","decl":{"start":{"line":6,"column":24},"end":{"line":6,"column":25}},"loc":{"start":{"line":6,"column":30},"end":{"line":41,"column":1}},"line":6},"1":{"name":"(anonymous_1)","decl":{"start":{"line":7,"column":43},"end":{"line":7,"column":44}},"loc":{"start":{"line":7,"column":52},"end":{"line":7,"column":65}},"line":7}},"branchMap":{},"s":{"0":1,"1":1,"2":2,"3":1},"f":{"0":1,"1":2},"b":{},"_coverageSchema":"1a1c01bbd47fc00a2c39e90264f33305004495a9","hash":"bd579a7fb0881ac375bd2fc498edb17826c9135f"}
,"/home/ronsal/dev/zrp/react/src/dashboard/ThreatsDistribution.js": {"path":"/home/ronsal/dev/zrp/react/src/dashboard/ThreatsDistribution.js","statementMap":{"0":{"start":{"line":5,"column":28},"end":{"line":29,"column":1}},"1":{"start":{"line":6,"column":35},"end":{"line":6,"column":70}},"2":{"start":{"line":6,"column":56},"end":{"line":6,"column":69}},"3":{"start":{"line":7,"column":17},"end":{"line":12,"column":3}},"4":{"start":{"line":14,"column":2},"end":{"line":28,"column":3}},"5":{"start":{"line":14,"column":28},"end":{"line":28,"column":3}},"6":{"start":{"line":18,"column":10},"end":{"line":24,"column":11}}},"fnMap":{"0":{"name":"(anonymous_0)","decl":{"start":{"line":5,"column":28},"end":{"line":5,"column":29}},"loc":{"start":{"line":5,"column":34},"end":{"line":29,"column":1}},"line":5},"1":{"name":"(anonymous_1)","decl":{"start":{"line":6,"column":47},"end":{"line":6,"column":48}},"loc":{"start":{"line":6,"column":56},"end":{"line":6,"column":69}},"line":6},"2":{"name":"(anonymous_2)","decl":{"start":{"line":17,"column":35},"end":{"line":17,"column":36}},"loc":{"start":{"line":17,"column":54},"end":{"line":25,"column":9}},"line":17}},"branchMap":{"0":{"loc":{"start":{"line":14,"column":2},"end":{"line":28,"column":3}},"type":"if","locations":[{"start":{"line":14,"column":2},"end":{"line":28,"column":3}},{"start":{},"end":{}}],"line":14}},"s":{"0":1,"1":3,"2":6,"3":3,"4":3,"5":1,"6":4},"f":{"0":3,"1":6,"2":4},"b":{"0":[1,2]},"_coverageSchema":"1a1c01bbd47fc00a2c39e90264f33305004495a9","hash":"72db1857f882858cbcbc4c0d1b6aa0f22a6e0abe"}
,"/home/ronsal/dev/zrp/react/src/dashboard/actions.js": {"path":"/home/ronsal/dev/zrp/react/src/dashboard/actions.js","statementMap":{"0":{"start":{"line":4,"column":34},"end":{"line":11,"column":1}},"1":{"start":{"line":5,"column":2},"end":{"line":10,"column":3}},"2":{"start":{"line":6,"column":4},"end":{"line":6,"column":41}},"3":{"start":{"line":7,"column":4},"end":{"line":9,"column":35}},"4":{"start":{"line":8,"column":6},"end":{"line":8,"column":74}},"5":{"start":{"line":9,"column":18},"end":{"line":9,"column":34}},"6":{"start":{"line":13,"column":30},"end":{"line":19,"column":1}},"7":{"start":{"line":14,"column":2},"end":{"line":18,"column":3}},"8":{"start":{"line":15,"column":4},"end":{"line":17,"column":35}},"9":{"start":{"line":16,"column":6},"end":{"line":16,"column":62}},"10":{"start":{"line":17,"column":18},"end":{"line":17,"column":34}}},"fnMap":{"0":{"name":"(anonymous_0)","decl":{"start":{"line":4,"column":34},"end":{"line":4,"column":35}},"loc":{"start":{"line":4,"column":48},"end":{"line":11,"column":1}},"line":4},"1":{"name":"(anonymous_1)","decl":{"start":{"line":5,"column":9},"end":{"line":5,"column":10}},"loc":{"start":{"line":5,"column":21},"end":{"line":10,"column":3}},"line":5},"2":{"name":"(anonymous_2)","decl":{"start":{"line":7,"column":76},"end":{"line":7,"column":77}},"loc":{"start":{"line":7,"column":84},"end":{"line":9,"column":5}},"line":7},"3":{"name":"(anonymous_3)","decl":{"start":{"line":9,"column":13},"end":{"line":9,"column":14}},"loc":{"start":{"line":9,"column":18},"end":{"line":9,"column":34}},"line":9},"4":{"name":"(anonymous_4)","decl":{"start":{"line":13,"column":30},"end":{"line":13,"column":31}},"loc":{"start":{"line":13,"column":39},"end":{"line":19,"column":1}},"line":13},"5":{"name":"(anonymous_5)","decl":{"start":{"line":14,"column":9},"end":{"line":14,"column":10}},"loc":{"start":{"line":14,"column":21},"end":{"line":18,"column":3}},"line":14},"6":{"name":"(anonymous_6)","decl":{"start":{"line":15,"column":73},"end":{"line":15,"column":74}},"loc":{"start":{"line":15,"column":81},"end":{"line":17,"column":5}},"line":15},"7":{"name":"(anonymous_7)","decl":{"start":{"line":17,"column":13},"end":{"line":17,"column":14}},"loc":{"start":{"line":17,"column":18},"end":{"line":17,"column":34}},"line":17}},"branchMap":{},"s":{"0":1,"1":2,"2":2,"3":2,"4":1,"5":1,"6":1,"7":2,"8":2,"9":1,"10":1},"f":{"0":2,"1":2,"2":1,"3":1,"4":2,"5":2,"6":1,"7":1},"b":{},"_coverageSchema":"1a1c01bbd47fc00a2c39e90264f33305004495a9","hash":"fa258906c87861829237bb38b06f49dbc608abb6"}
,"/home/ronsal/dev/zrp/react/src/dashboard/reducer.js": {"path":"/home/ronsal/dev/zrp/react/src/dashboard/reducer.js","statementMap":{"0":{"start":{"line":1,"column":22},"end":{"line":15,"column":1}},"1":{"start":{"line":17,"column":14},"end":{"line":78,"column":1}},"2":{"start":{"line":18,"column":2},"end":{"line":77,"column":3}},"3":{"start":{"line":20,"column":6},"end":{"line":23,"column":7}},"4":{"start":{"line":25,"column":6},"end":{"line":29,"column":7}},"5":{"start":{"line":31,"column":6},"end":{"line":34,"column":7}},"6":{"start":{"line":36,"column":6},"end":{"line":39,"column":7}},"7":{"start":{"line":41,"column":6},"end":{"line":44,"column":7}},"8":{"start":{"line":46,"column":6},"end":{"line":49,"column":7}},"9":{"start":{"line":51,"column":6},"end":{"line":54,"column":7}},"10":{"start":{"line":56,"column":6},"end":{"line":59,"column":7}},"11":{"start":{"line":61,"column":6},"end":{"line":64,"column":7}},"12":{"start":{"line":66,"column":6},"end":{"line":69,"column":7}},"13":{"start":{"line":71,"column":6},"end":{"line":74,"column":7}},"14":{"start":{"line":76,"column":6},"end":{"line":76,"column":18}}},"fnMap":{"0":{"name":"(anonymous_0)","decl":{"start":{"line":17,"column":14},"end":{"line":17,"column":15}},"loc":{"start":{"line":17,"column":49},"end":{"line":78,"column":1}},"line":17}},"branchMap":{"0":{"loc":{"start":{"line":17,"column":15},"end":{"line":17,"column":36}},"type":"default-arg","locations":[{"start":{"line":17,"column":23},"end":{"line":17,"column":36}}],"line":17},"1":{"loc":{"start":{"line":18,"column":2},"end":{"line":77,"column":3}},"type":"switch","locations":[{"start":{"line":19,"column":4},"end":{"line":23,"column":7}},{"start":{"line":24,"column":4},"end":{"line":29,"column":7}},{"start":{"line":30,"column":4},"end":{"line":34,"column":7}},{"start":{"line":35,"column":4},"end":{"line":39,"column":7}},{"start":{"line":40,"column":4},"end":{"line":44,"column":7}},{"start":{"line":45,"column":4},"end":{"line":49,"column":7}},{"start":{"line":50,"column":4},"end":{"line":54,"column":7}},{"start":{"line":55,"column":4},"end":{"line":59,"column":7}},{"start":{"line":60,"column":4},"end":{"line":64,"column":7}},{"start":{"line":65,"column":4},"end":{"line":69,"column":7}},{"start":{"line":70,"column":4},"end":{"line":74,"column":7}},{"start":{"line":75,"column":4},"end":{"line":76,"column":18}}],"line":18}},"s":{"0":5,"1":5,"2":96,"3":1,"4":2,"5":1,"6":1,"7":1,"8":1,"9":1,"10":1,"11":1,"12":1,"13":1,"14":84},"f":{"0":96},"b":{"0":[70],"1":[1,2,1,1,1,1,1,1,1,1,1,84]},"_coverageSchema":"1a1c01bbd47fc00a2c39e90264f33305004495a9","hash":"965d8374faae3b4d8dc7fa655f765c84b90a6f69"}
,"/home/ronsal/dev/zrp/react/src/heroes/Filter.js": {"path":"/home/ronsal/dev/zrp/react/src/heroes/Filter.js","statementMap":{"0":{"start":{"line":8,"column":15},"end":{"line":70,"column":1}},"1":{"start":{"line":9,"column":36},"end":{"line":9,"column":47}},"2":{"start":{"line":10,"column":38},"end":{"line":10,"column":53}},"3":{"start":{"line":11,"column":42},"end":{"line":11,"column":57}},"4":{"start":{"line":12,"column":50},"end":{"line":12,"column":84}},"5":{"start":{"line":12,"column":71},"end":{"line":12,"column":83}},"6":{"start":{"line":13,"column":19},"end":{"line":13,"column":32}},"7":{"start":{"line":15,"column":2},"end":{"line":15,"column":88}},"8":{"start":{"line":15,"column":20},"end":{"line":15,"column":66}},"9":{"start":{"line":15,"column":45},"end":{"line":15,"column":66}},"10":{"start":{"line":16,"column":2},"end":{"line":16,"column":97}},"11":{"start":{"line":16,"column":20},"end":{"line":16,"column":72}},"12":{"start":{"line":16,"column":48},"end":{"line":16,"column":72}},"13":{"start":{"line":19,"column":17},"end":{"line":24,"column":3}},"14":{"start":{"line":26,"column":20},"end":{"line":29,"column":3}},"15":{"start":{"line":27,"column":4},"end":{"line":27,"column":97}},"16":{"start":{"line":27,"column":22},"end":{"line":27,"column":85}},"17":{"start":{"line":30,"column":23},"end":{"line":33,"column":3}},"18":{"start":{"line":31,"column":4},"end":{"line":31,"column":82}},"19":{"start":{"line":31,"column":25},"end":{"line":31,"column":70}},"20":{"start":{"line":35,"column":22},"end":{"line":40,"column":3}},"21":{"start":{"line":36,"column":17},"end":{"line":36,"column":19}},"22":{"start":{"line":37,"column":4},"end":{"line":37,"column":57}},"23":{"start":{"line":37,"column":20},"end":{"line":37,"column":57}},"24":{"start":{"line":38,"column":4},"end":{"line":38,"column":63}},"25":{"start":{"line":38,"column":22},"end":{"line":38,"column":63}},"26":{"start":{"line":39,"column":4},"end":{"line":39,"column":53}},"27":{"start":{"line":42,"column":32},"end":{"line":49,"column":3}},"28":{"start":{"line":43,"column":4},"end":{"line":43,"column":21}},"29":{"start":{"line":44,"column":4},"end":{"line":48,"column":5}},"30":{"start":{"line":45,"column":6},"end":{"line":45,"column":28}},"31":{"start":{"line":46,"column":6},"end":{"line":46,"column":26}},"32":{"start":{"line":47,"column":6},"end":{"line":47,"column":59}},"33":{"start":{"line":47,"column":25},"end":{"line":47,"column":59}},"34":{"start":{"line":51,"column":2},"end":{"line":69,"column":3}}},"fnMap":{"0":{"name":"(anonymous_0)","decl":{"start":{"line":8,"column":15},"end":{"line":8,"column":16}},"loc":{"start":{"line":8,"column":21},"end":{"line":70,"column":1}},"line":8},"1":{"name":"(anonymous_1)","decl":{"start":{"line":12,"column":62},"end":{"line":12,"column":63}},"loc":{"start":{"line":12,"column":71},"end":{"line":12,"column":83}},"line":12},"2":{"name":"(anonymous_2)","decl":{"start":{"line":15,"column":12},"end":{"line":15,"column":13}},"loc":{"start":{"line":15,"column":18},"end":{"line":15,"column":68}},"line":15},"3":{"name":"(anonymous_3)","decl":{"start":{"line":16,"column":12},"end":{"line":16,"column":13}},"loc":{"start":{"line":16,"column":18},"end":{"line":16,"column":74}},"line":16},"4":{"name":"(anonymous_4)","decl":{"start":{"line":26,"column":28},"end":{"line":26,"column":29}},"loc":{"start":{"line":27,"column":4},"end":{"line":27,"column":97}},"line":27},"5":{"name":"(anonymous_5)","decl":{"start":{"line":27,"column":14},"end":{"line":27,"column":15}},"loc":{"start":{"line":27,"column":22},"end":{"line":27,"column":85}},"line":27},"6":{"name":"(anonymous_6)","decl":{"start":{"line":30,"column":31},"end":{"line":30,"column":32}},"loc":{"start":{"line":31,"column":4},"end":{"line":31,"column":82}},"line":31},"7":{"name":"(anonymous_7)","decl":{"start":{"line":31,"column":17},"end":{"line":31,"column":18}},"loc":{"start":{"line":31,"column":25},"end":{"line":31,"column":70}},"line":31},"8":{"name":"(anonymous_8)","decl":{"start":{"line":35,"column":22},"end":{"line":35,"column":23}},"loc":{"start":{"line":35,"column":28},"end":{"line":40,"column":3}},"line":35},"9":{"name":"(anonymous_9)","decl":{"start":{"line":42,"column":32},"end":{"line":42,"column":33}},"loc":{"start":{"line":42,"column":48},"end":{"line":49,"column":3}},"line":42}},"branchMap":{"0":{"loc":{"start":{"line":15,"column":20},"end":{"line":15,"column":66}},"type":"if","locations":[{"start":{"line":15,"column":20},"end":{"line":15,"column":66}},{"start":{},"end":{}}],"line":15},"1":{"loc":{"start":{"line":16,"column":20},"end":{"line":16,"column":72}},"type":"if","locations":[{"start":{"line":16,"column":20},"end":{"line":16,"column":72}},{"start":{},"end":{}}],"line":16},"2":{"loc":{"start":{"line":37,"column":4},"end":{"line":37,"column":57}},"type":"if","locations":[{"start":{"line":37,"column":4},"end":{"line":37,"column":57}},{"start":{},"end":{}}],"line":37},"3":{"loc":{"start":{"line":38,"column":4},"end":{"line":38,"column":63}},"type":"if","locations":[{"start":{"line":38,"column":4},"end":{"line":38,"column":63}},{"start":{},"end":{}}],"line":38},"4":{"loc":{"start":{"line":44,"column":4},"end":{"line":48,"column":5}},"type":"if","locations":[{"start":{"line":44,"column":4},"end":{"line":48,"column":5}},{"start":{},"end":{}}],"line":44},"5":{"loc":{"start":{"line":47,"column":6},"end":{"line":47,"column":59}},"type":"if","locations":[{"start":{"line":47,"column":6},"end":{"line":47,"column":59}},{"start":{},"end":{}}],"line":47}},"s":{"0":1,"1":14,"2":13,"3":13,"4":13,"5":23,"6":13,"7":13,"8":8,"9":1,"10":13,"11":8,"12":1,"13":13,"14":13,"15":8,"16":28,"17":13,"18":8,"19":21,"20":13,"21":1,"22":1,"23":0,"24":1,"25":0,"26":1,"27":13,"28":5,"29":5,"30":0,"31":0,"32":0,"33":0,"34":13},"f":{"0":14,"1":23,"2":8,"3":8,"4":8,"5":28,"6":8,"7":21,"8":1,"9":5},"b":{"0":[1,7],"1":[1,7],"2":[0,1],"3":[0,1],"4":[0,5],"5":[0,0]},"_coverageSchema":"1a1c01bbd47fc00a2c39e90264f33305004495a9","hash":"0381c7874c384e7f4a9eaab50f1969e98d69ba48"}
,"/home/ronsal/dev/zrp/react/src/heroes/HeroForm.js": {"path":"/home/ronsal/dev/zrp/react/src/heroes/HeroForm.js","statementMap":{"0":{"start":{"line":8,"column":18},"end":{"line":16,"column":2}},"1":{"start":{"line":9,"column":45},"end":{"line":9,"column":50}},"2":{"start":{"line":10,"column":2},"end":{"line":15,"column":3}},"3":{"start":{"line":18,"column":0},"end":{"line":22,"column":1}},"4":{"start":{"line":24,"column":14},"end":{"line":29,"column":2}},"5":{"start":{"line":31,"column":17},"end":{"line":99,"column":1}},"6":{"start":{"line":32,"column":63},"end":{"line":32,"column":68}},"7":{"start":{"line":33,"column":19},"end":{"line":33,"column":32}},"8":{"start":{"line":34,"column":20},"end":{"line":34,"column":54}},"9":{"start":{"line":34,"column":41},"end":{"line":34,"column":53}},"10":{"start":{"line":35,"column":18},"end":{"line":35,"column":26}},"11":{"start":{"line":36,"column":25},"end":{"line":45,"column":3}},"12":{"start":{"line":37,"column":19},"end":{"line":42,"column":5}},"13":{"start":{"line":43,"column":4},"end":{"line":43,"column":53}},"14":{"start":{"line":43,"column":34},"end":{"line":43,"column":53}},"15":{"start":{"line":44,"column":4},"end":{"line":44,"column":17}},"16":{"start":{"line":46,"column":36},"end":{"line":46,"column":60}},"17":{"start":{"line":47,"column":16},"end":{"line":50,"column":3}},"18":{"start":{"line":48,"column":4},"end":{"line":48,"column":20}},"19":{"start":{"line":49,"column":4},"end":{"line":49,"column":17}},"20":{"start":{"line":51,"column":23},"end":{"line":56,"column":3}},"21":{"start":{"line":52,"column":4},"end":{"line":55,"column":5}},"22":{"start":{"line":53,"column":21},"end":{"line":53,"column":95}},"23":{"start":{"line":54,"column":6},"end":{"line":54,"column":51}},"24":{"start":{"line":57,"column":17},"end":{"line":62,"column":3}},"25":{"start":{"line":63,"column":21},"end":{"line":69,"column":3}},"26":{"start":{"line":64,"column":4},"end":{"line":67,"column":17}},"27":{"start":{"line":64,"column":25},"end":{"line":67,"column":5}},"28":{"start":{"line":71,"column":2},"end":{"line":71,"column":88}},"29":{"start":{"line":71,"column":20},"end":{"line":71,"column":66}},"30":{"start":{"line":71,"column":45},"end":{"line":71,"column":66}},"31":{"start":{"line":72,"column":2},"end":{"line":72,"column":59}},"32":{"start":{"line":72,"column":20},"end":{"line":72,"column":48}},"33":{"start":{"line":74,"column":2},"end":{"line":98,"column":3}},"34":{"start":{"line":101,"column":0},"end":{"line":108,"column":1}}},"fnMap":{"0":{"name":"(anonymous_0)","decl":{"start":{"line":8,"column":29},"end":{"line":8,"column":30}},"loc":{"start":{"line":8,"column":45},"end":{"line":16,"column":1}},"line":8},"1":{"name":"(anonymous_1)","decl":{"start":{"line":31,"column":17},"end":{"line":31,"column":18}},"loc":{"start":{"line":31,"column":26},"end":{"line":99,"column":1}},"line":31},"2":{"name":"(anonymous_2)","decl":{"start":{"line":34,"column":32},"end":{"line":34,"column":33}},"loc":{"start":{"line":34,"column":41},"end":{"line":34,"column":53}},"line":34},"3":{"name":"(anonymous_3)","decl":{"start":{"line":36,"column":25},"end":{"line":36,"column":26}},"loc":{"start":{"line":36,"column":31},"end":{"line":45,"column":3}},"line":36},"4":{"name":"(anonymous_4)","decl":{"start":{"line":47,"column":16},"end":{"line":47,"column":17}},"loc":{"start":{"line":47,"column":22},"end":{"line":50,"column":3}},"line":47},"5":{"name":"(anonymous_5)","decl":{"start":{"line":51,"column":23},"end":{"line":51,"column":24}},"loc":{"start":{"line":51,"column":29},"end":{"line":56,"column":3}},"line":51},"6":{"name":"(anonymous_6)","decl":{"start":{"line":54,"column":41},"end":{"line":54,"column":42}},"loc":{"start":{"line":54,"column":47},"end":{"line":54,"column":50}},"line":54},"7":{"name":"(anonymous_7)","decl":{"start":{"line":63,"column":29},"end":{"line":63,"column":30}},"loc":{"start":{"line":64,"column":4},"end":{"line":67,"column":17}},"line":64},"8":{"name":"(anonymous_8)","decl":{"start":{"line":64,"column":14},"end":{"line":64,"column":15}},"loc":{"start":{"line":64,"column":25},"end":{"line":67,"column":5}},"line":64},"9":{"name":"(anonymous_9)","decl":{"start":{"line":71,"column":12},"end":{"line":71,"column":13}},"loc":{"start":{"line":71,"column":18},"end":{"line":71,"column":68}},"line":71},"10":{"name":"(anonymous_10)","decl":{"start":{"line":72,"column":12},"end":{"line":72,"column":13}},"loc":{"start":{"line":72,"column":18},"end":{"line":72,"column":50}},"line":72}},"branchMap":{"0":{"loc":{"start":{"line":43,"column":4},"end":{"line":43,"column":53}},"type":"if","locations":[{"start":{"line":43,"column":4},"end":{"line":43,"column":53}},{"start":{},"end":{}}],"line":43},"1":{"loc":{"start":{"line":52,"column":4},"end":{"line":55,"column":5}},"type":"if","locations":[{"start":{"line":52,"column":4},"end":{"line":55,"column":5}},{"start":{},"end":{}}],"line":52},"2":{"loc":{"start":{"line":53,"column":21},"end":{"line":53,"column":95}},"type":"cond-expr","locations":[{"start":{"line":53,"column":48},"end":{"line":53,"column":70}},{"start":{"line":53,"column":73},"end":{"line":53,"column":95}}],"line":53},"3":{"loc":{"start":{"line":71,"column":20},"end":{"line":71,"column":66}},"type":"if","locations":[{"start":{"line":71,"column":20},"end":{"line":71,"column":66}},{"start":{},"end":{}}],"line":71},"4":{"loc":{"start":{"line":94,"column":63},"end":{"line":94,"column":81}},"type":"binary-expr","locations":[{"start":{"line":94,"column":63},"end":{"line":94,"column":73}},{"start":{"line":94,"column":77},"end":{"line":94,"column":81}}],"line":94}},"s":{"0":3,"1":66,"2":64,"3":3,"4":3,"5":3,"6":60,"7":58,"8":58,"9":87,"10":58,"11":58,"12":50,"13":50,"14":2,"15":50,"16":58,"17":58,"18":2,"19":2,"20":58,"21":0,"22":0,"23":0,"24":58,"25":58,"26":26,"27":98,"28":58,"29":26,"30":1,"31":58,"32":25,"33":58,"34":3},"f":{"0":66,"1":60,"2":87,"3":50,"4":2,"5":0,"6":0,"7":26,"8":98,"9":26,"10":25},"b":{"0":[2,48],"1":[0,0],"2":[0,0],"3":[1,25],"4":[58,0]},"_coverageSchema":"1a1c01bbd47fc00a2c39e90264f33305004495a9","hash":"c561a372a849e6a0b228219cfb9eb9299ef7440f"}
,"/home/ronsal/dev/zrp/react/src/heroes/Heroes.js": {"path":"/home/ronsal/dev/zrp/react/src/heroes/Heroes.js","statementMap":{"0":{"start":{"line":7,"column":15},"end":{"line":17,"column":1}},"1":{"start":{"line":9,"column":2},"end":{"line":16,"column":3}}},"fnMap":{"0":{"name":"(anonymous_0)","decl":{"start":{"line":7,"column":15},"end":{"line":7,"column":16}},"loc":{"start":{"line":7,"column":21},"end":{"line":17,"column":1}},"line":7}},"branchMap":{},"s":{"0":1,"1":1},"f":{"0":1},"b":{},"_coverageSchema":"1a1c01bbd47fc00a2c39e90264f33305004495a9","hash":"8ebb0d24f1104ee078b1ca6677ce5ab50df3fa10"}
,"/home/ronsal/dev/zrp/react/src/heroes/List.js": {"path":"/home/ronsal/dev/zrp/react/src/heroes/List.js","statementMap":{"0":{"start":{"line":11,"column":37},"end":{"line":11,"column":42}},"1":{"start":{"line":12,"column":15},"end":{"line":12,"column":19}},"2":{"start":{"line":14,"column":13},"end":{"line":143,"column":1}},"3":{"start":{"line":15,"column":19},"end":{"line":15,"column":32}},"4":{"start":{"line":16,"column":55},"end":{"line":16,"column":89}},"5":{"start":{"line":16,"column":76},"end":{"line":16,"column":88}},"6":{"start":{"line":17,"column":25},"end":{"line":17,"column":60}},"7":{"start":{"line":17,"column":46},"end":{"line":17,"column":59}},"8":{"start":{"line":18,"column":54},"end":{"line":18,"column":69}},"9":{"start":{"line":19,"column":42},"end":{"line":19,"column":54}},"10":{"start":{"line":20,"column":38},"end":{"line":20,"column":48}},"11":{"start":{"line":21,"column":34},"end":{"line":21,"column":44}},"12":{"start":{"line":23,"column":2},"end":{"line":23,"column":98}},"13":{"start":{"line":23,"column":20},"end":{"line":23,"column":79}},"14":{"start":{"line":24,"column":2},"end":{"line":24,"column":75}},"15":{"start":{"line":24,"column":20},"end":{"line":24,"column":38}},"16":{"start":{"line":24,"column":39},"end":{"line":24,"column":55}},"17":{"start":{"line":26,"column":27},"end":{"line":30,"column":3}},"18":{"start":{"line":27,"column":4},"end":{"line":27,"column":30}},"19":{"start":{"line":28,"column":4},"end":{"line":28,"column":26}},"20":{"start":{"line":29,"column":4},"end":{"line":29,"column":91}},"21":{"start":{"line":32,"column":23},"end":{"line":36,"column":3}},"22":{"start":{"line":37,"column":21},"end":{"line":42,"column":3}},"23":{"start":{"line":44,"column":19},"end":{"line":54,"column":3}},"24":{"start":{"line":45,"column":4},"end":{"line":53,"column":6}},"25":{"start":{"line":56,"column":2},"end":{"line":59,"column":3}},"26":{"start":{"line":61,"column":2},"end":{"line":142,"column":3}},"27":{"start":{"line":90,"column":22},"end":{"line":95,"column":23}},"28":{"start":{"line":92,"column":67},"end":{"line":92,"column":87}},"29":{"start":{"line":93,"column":67},"end":{"line":93,"column":94}},"30":{"start":{"line":103,"column":26},"end":{"line":103,"column":76}},"31":{"start":{"line":109,"column":26},"end":{"line":109,"column":100}},"32":{"start":{"line":120,"column":20},"end":{"line":131,"column":21}},"33":{"start":{"line":125,"column":43},"end":{"line":125,"column":97}},"34":{"start":{"line":140,"column":131},"end":{"line":140,"column":150}}},"fnMap":{"0":{"name":"(anonymous_0)","decl":{"start":{"line":14,"column":13},"end":{"line":14,"column":14}},"loc":{"start":{"line":14,"column":19},"end":{"line":143,"column":1}},"line":14},"1":{"name":"(anonymous_1)","decl":{"start":{"line":16,"column":67},"end":{"line":16,"column":68}},"loc":{"start":{"line":16,"column":76},"end":{"line":16,"column":88}},"line":16},"2":{"name":"(anonymous_2)","decl":{"start":{"line":17,"column":37},"end":{"line":17,"column":38}},"loc":{"start":{"line":17,"column":46},"end":{"line":17,"column":59}},"line":17},"3":{"name":"(anonymous_3)","decl":{"start":{"line":23,"column":12},"end":{"line":23,"column":13}},"loc":{"start":{"line":23,"column":18},"end":{"line":23,"column":81}},"line":23},"4":{"name":"(anonymous_4)","decl":{"start":{"line":24,"column":12},"end":{"line":24,"column":13}},"loc":{"start":{"line":24,"column":18},"end":{"line":24,"column":57}},"line":24},"5":{"name":"(anonymous_5)","decl":{"start":{"line":26,"column":27},"end":{"line":26,"column":28}},"loc":{"start":{"line":26,"column":53},"end":{"line":30,"column":3}},"line":26},"6":{"name":"(anonymous_6)","decl":{"start":{"line":44,"column":19},"end":{"line":44,"column":20}},"loc":{"start":{"line":44,"column":55},"end":{"line":54,"column":3}},"line":44},"7":{"name":"(anonymous_7)","decl":{"start":{"line":89,"column":20},"end":{"line":89,"column":21}},"loc":{"start":{"line":89,"column":27},"end":{"line":96,"column":21}},"line":89},"8":{"name":"(anonymous_8)","decl":{"start":{"line":92,"column":61},"end":{"line":92,"column":62}},"loc":{"start":{"line":92,"column":67},"end":{"line":92,"column":87}},"line":92},"9":{"name":"(anonymous_9)","decl":{"start":{"line":93,"column":61},"end":{"line":93,"column":62}},"loc":{"start":{"line":93,"column":67},"end":{"line":93,"column":94}},"line":93},"10":{"name":"(anonymous_10)","decl":{"start":{"line":103,"column":19},"end":{"line":103,"column":20}},"loc":{"start":{"line":103,"column":26},"end":{"line":103,"column":76}},"line":103},"11":{"name":"(anonymous_11)","decl":{"start":{"line":109,"column":19},"end":{"line":109,"column":20}},"loc":{"start":{"line":109,"column":26},"end":{"line":109,"column":100}},"line":109},"12":{"name":"(anonymous_12)","decl":{"start":{"line":119,"column":19},"end":{"line":119,"column":20}},"loc":{"start":{"line":119,"column":26},"end":{"line":132,"column":19}},"line":119},"13":{"name":"(anonymous_13)","decl":{"start":{"line":125,"column":35},"end":{"line":125,"column":36}},"loc":{"start":{"line":125,"column":41},"end":{"line":125,"column":99}},"line":125},"14":{"name":"(anonymous_14)","decl":{"start":{"line":140,"column":125},"end":{"line":140,"column":126}},"loc":{"start":{"line":140,"column":131},"end":{"line":140,"column":150}},"line":140}},"branchMap":{"0":{"loc":{"start":{"line":49,"column":13},"end":{"line":49,"column":162}},"type":"cond-expr","locations":[{"start":{"line":49,"column":62},"end":{"line":49,"column":143}},{"start":{"line":49,"column":146},"end":{"line":49,"column":162}}],"line":49},"1":{"loc":{"start":{"line":65,"column":11},"end":{"line":137,"column":11}},"type":"cond-expr","locations":[{"start":{"line":66,"column":12},"end":{"line":66,"column":53}},{"start":{"line":67,"column":14},"end":{"line":137,"column":11}}],"line":65},"2":{"loc":{"start":{"line":67,"column":14},"end":{"line":137,"column":11}},"type":"cond-expr","locations":[{"start":{"line":68,"column":12},"end":{"line":70,"column":20}},{"start":{"line":72,"column":12},"end":{"line":136,"column":20}}],"line":67},"3":{"loc":{"start":{"line":75,"column":24},"end":{"line":75,"column":42}},"type":"binary-expr","locations":[{"start":{"line":75,"column":24},"end":{"line":75,"column":32}},{"start":{"line":75,"column":36},"end":{"line":75,"column":42}}],"line":75}},"s":{"0":1,"1":1,"2":1,"3":14,"4":14,"5":21,"6":14,"7":21,"8":14,"9":14,"10":14,"11":14,"12":14,"13":7,"14":14,"15":7,"16":7,"17":14,"18":0,"19":0,"20":0,"21":14,"22":14,"23":14,"24":24,"25":14,"26":14,"27":24,"28":0,"29":0,"30":24,"31":24,"32":24,"33":0,"34":0},"f":{"0":14,"1":21,"2":21,"3":7,"4":7,"5":0,"6":24,"7":24,"8":0,"9":0,"10":24,"11":24,"12":24,"13":0,"14":0},"b":{"0":[4,20],"1":[2,12],"2":[2,10],"3":[10,10]},"_coverageSchema":"1a1c01bbd47fc00a2c39e90264f33305004495a9","hash":"36b8cf32ec378c1c01b2caa6c55b799c971830fe"}
,"/home/ronsal/dev/zrp/react/src/heroes/Paginate.js": {"path":"/home/ronsal/dev/zrp/react/src/heroes/Paginate.js","statementMap":{"0":{"start":{"line":6,"column":17},"end":{"line":41,"column":1}},"1":{"start":{"line":7,"column":19},"end":{"line":7,"column":32}},"2":{"start":{"line":8,"column":76},"end":{"line":8,"column":110}},"3":{"start":{"line":8,"column":97},"end":{"line":8,"column":109}},"4":{"start":{"line":9,"column":17},"end":{"line":9,"column":62}},"5":{"start":{"line":10,"column":23},"end":{"line":10,"column":36}},"6":{"start":{"line":11,"column":30},"end":{"line":11,"column":112}},"7":{"start":{"line":11,"column":42},"end":{"line":11,"column":112}},"8":{"start":{"line":12,"column":27},"end":{"line":12,"column":130}},"9":{"start":{"line":12,"column":35},"end":{"line":12,"column":130}},"10":{"start":{"line":14,"column":2},"end":{"line":16,"column":27}},"11":{"start":{"line":15,"column":4},"end":{"line":15,"column":102}},"12":{"start":{"line":18,"column":2},"end":{"line":40,"column":3}}},"fnMap":{"0":{"name":"(anonymous_0)","decl":{"start":{"line":6,"column":17},"end":{"line":6,"column":18}},"loc":{"start":{"line":6,"column":23},"end":{"line":41,"column":1}},"line":6},"1":{"name":"(anonymous_1)","decl":{"start":{"line":8,"column":88},"end":{"line":8,"column":89}},"loc":{"start":{"line":8,"column":97},"end":{"line":8,"column":109}},"line":8},"2":{"name":"(anonymous_2)","decl":{"start":{"line":11,"column":30},"end":{"line":11,"column":31}},"loc":{"start":{"line":11,"column":42},"end":{"line":11,"column":112}},"line":11},"3":{"name":"(anonymous_3)","decl":{"start":{"line":12,"column":27},"end":{"line":12,"column":28}},"loc":{"start":{"line":12,"column":35},"end":{"line":12,"column":130}},"line":12},"4":{"name":"(anonymous_4)","decl":{"start":{"line":14,"column":12},"end":{"line":14,"column":13}},"loc":{"start":{"line":14,"column":18},"end":{"line":16,"column":3}},"line":14}},"branchMap":{"0":{"loc":{"start":{"line":12,"column":70},"end":{"line":12,"column":100}},"type":"binary-expr","locations":[{"start":{"line":12,"column":70},"end":{"line":12,"column":81}},{"start":{"line":12,"column":85},"end":{"line":12,"column":100}}],"line":12},"1":{"loc":{"start":{"line":15,"column":48},"end":{"line":15,"column":78}},"type":"binary-expr","locations":[{"start":{"line":15,"column":48},"end":{"line":15,"column":59}},{"start":{"line":15,"column":63},"end":{"line":15,"column":78}}],"line":15},"2":{"loc":{"start":{"line":15,"column":90},"end":{"line":15,"column":100}},"type":"binary-expr","locations":[{"start":{"line":15,"column":90},"end":{"line":15,"column":94}},{"start":{"line":15,"column":98},"end":{"line":15,"column":100}}],"line":15},"3":{"loc":{"start":{"line":31,"column":17},"end":{"line":31,"column":47}},"type":"binary-expr","locations":[{"start":{"line":31,"column":17},"end":{"line":31,"column":28}},{"start":{"line":31,"column":32},"end":{"line":31,"column":47}}],"line":31},"4":{"loc":{"start":{"line":34,"column":22},"end":{"line":34,"column":31}},"type":"binary-expr","locations":[{"start":{"line":34,"column":22},"end":{"line":34,"column":26}},{"start":{"line":34,"column":30},"end":{"line":34,"column":31}}],"line":34}},"s":{"0":1,"1":4,"2":4,"3":8,"4":4,"5":4,"6":4,"7":0,"8":4,"9":1,"10":4,"11":4,"12":4},"f":{"0":4,"1":8,"2":0,"3":1,"4":4},"b":{"0":[1,0],"1":[4,0],"2":[4,0],"3":[4,0],"4":[4,0]},"_coverageSchema":"1a1c01bbd47fc00a2c39e90264f33305004495a9","hash":"245bc8d4c6f6f497e470ee9d0a6113e0424153c4"}
,"/home/ronsal/dev/zrp/react/src/heroes/Searcher.js": {"path":"/home/ronsal/dev/zrp/react/src/heroes/Searcher.js","statementMap":{"0":{"start":{"line":9,"column":17},"end":{"line":50,"column":1}},"1":{"start":{"line":10,"column":32},"end":{"line":10,"column":66}},"2":{"start":{"line":10,"column":53},"end":{"line":10,"column":65}},"3":{"start":{"line":11,"column":20},"end":{"line":11,"column":32}},"4":{"start":{"line":12,"column":19},"end":{"line":12,"column":32}},"5":{"start":{"line":13,"column":54},"end":{"line":13,"column":69}},"6":{"start":{"line":14,"column":31},"end":{"line":23,"column":3}},"7":{"start":{"line":15,"column":4},"end":{"line":22,"column":5}},"8":{"start":{"line":16,"column":6},"end":{"line":16,"column":28}},"9":{"start":{"line":17,"column":6},"end":{"line":17,"column":34}},"10":{"start":{"line":18,"column":6},"end":{"line":18,"column":75}},"11":{"start":{"line":19,"column":11},"end":{"line":22,"column":5}},"12":{"start":{"line":20,"column":6},"end":{"line":20,"column":28}},"13":{"start":{"line":21,"column":6},"end":{"line":21,"column":75}},"14":{"start":{"line":25,"column":37},"end":{"line":32,"column":3}},"15":{"start":{"line":26,"column":4},"end":{"line":31,"column":17}},"16":{"start":{"line":28,"column":40},"end":{"line":28,"column":109}},"17":{"start":{"line":34,"column":2},"end":{"line":36,"column":3}},"18":{"start":{"line":38,"column":2},"end":{"line":38,"column":63}},"19":{"start":{"line":38,"column":20},"end":{"line":38,"column":51}},"20":{"start":{"line":39,"column":2},"end":{"line":49,"column":3}},"21":{"start":{"line":45,"column":35},"end":{"line":45,"column":62}},"22":{"start":{"line":47,"column":106},"end":{"line":47,"column":134}}},"fnMap":{"0":{"name":"(anonymous_0)","decl":{"start":{"line":9,"column":17},"end":{"line":9,"column":18}},"loc":{"start":{"line":9,"column":23},"end":{"line":50,"column":1}},"line":9},"1":{"name":"(anonymous_1)","decl":{"start":{"line":10,"column":44},"end":{"line":10,"column":45}},"loc":{"start":{"line":10,"column":53},"end":{"line":10,"column":65}},"line":10},"2":{"name":"(anonymous_2)","decl":{"start":{"line":14,"column":31},"end":{"line":14,"column":32}},"loc":{"start":{"line":14,"column":40},"end":{"line":23,"column":3}},"line":14},"3":{"name":"(anonymous_3)","decl":{"start":{"line":25,"column":37},"end":{"line":25,"column":38}},"loc":{"start":{"line":26,"column":4},"end":{"line":31,"column":17}},"line":26},"4":{"name":"(anonymous_4)","decl":{"start":{"line":28,"column":34},"end":{"line":28,"column":35}},"loc":{"start":{"line":28,"column":40},"end":{"line":28,"column":109}},"line":28},"5":{"name":"(anonymous_5)","decl":{"start":{"line":38,"column":12},"end":{"line":38,"column":13}},"loc":{"start":{"line":38,"column":18},"end":{"line":38,"column":53}},"line":38},"6":{"name":"(anonymous_6)","decl":{"start":{"line":45,"column":29},"end":{"line":45,"column":30}},"loc":{"start":{"line":45,"column":35},"end":{"line":45,"column":62}},"line":45},"7":{"name":"(anonymous_7)","decl":{"start":{"line":47,"column":100},"end":{"line":47,"column":101}},"loc":{"start":{"line":47,"column":106},"end":{"line":47,"column":134}},"line":47}},"branchMap":{"0":{"loc":{"start":{"line":15,"column":4},"end":{"line":22,"column":5}},"type":"if","locations":[{"start":{"line":15,"column":4},"end":{"line":22,"column":5}},{"start":{"line":19,"column":11},"end":{"line":22,"column":5}}],"line":15},"1":{"loc":{"start":{"line":19,"column":11},"end":{"line":22,"column":5}},"type":"if","locations":[{"start":{"line":19,"column":11},"end":{"line":22,"column":5}},{"start":{},"end":{}}],"line":19}},"s":{"0":1,"1":19,"2":33,"3":18,"4":18,"5":18,"6":18,"7":2,"8":1,"9":1,"10":1,"11":1,"12":1,"13":1,"14":18,"15":18,"16":1,"17":18,"18":18,"19":13,"20":18,"21":2,"22":1},"f":{"0":19,"1":33,"2":2,"3":18,"4":1,"5":13,"6":2,"7":1},"b":{"0":[1,1],"1":[1,0]},"_coverageSchema":"1a1c01bbd47fc00a2c39e90264f33305004495a9","hash":"a8472a0f7386199b3225119dfe2491de379f9cc3"}
,"/home/ronsal/dev/zrp/react/src/heroes/actions.js": {"path":"/home/ronsal/dev/zrp/react/src/heroes/actions.js","statementMap":{"0":{"start":{"line":8,"column":22},"end":{"line":18,"column":1}},"1":{"start":{"line":9,"column":2},"end":{"line":17,"column":3}},"2":{"start":{"line":10,"column":4},"end":{"line":10,"column":40}},"3":{"start":{"line":11,"column":4},"end":{"line":16,"column":35}},"4":{"start":{"line":13,"column":34},"end":{"line":13,"column":83}},"5":{"start":{"line":15,"column":6},"end":{"line":15,"column":62}},"6":{"start":{"line":16,"column":18},"end":{"line":16,"column":34}},"7":{"start":{"line":20,"column":27},"end":{"line":30,"column":1}},"8":{"start":{"line":21,"column":2},"end":{"line":29,"column":3}},"9":{"start":{"line":22,"column":4},"end":{"line":28,"column":6}},"10":{"start":{"line":23,"column":6},"end":{"line":23,"column":60}},"11":{"start":{"line":24,"column":6},"end":{"line":24,"column":62}},"12":{"start":{"line":26,"column":6},"end":{"line":26,"column":22}},"13":{"start":{"line":27,"column":6},"end":{"line":27,"column":13}},"14":{"start":{"line":32,"column":27},"end":{"line":43,"column":1}},"15":{"start":{"line":33,"column":17},"end":{"line":33,"column":21}},"16":{"start":{"line":34,"column":2},"end":{"line":42,"column":3}},"17":{"start":{"line":35,"column":4},"end":{"line":41,"column":6}},"18":{"start":{"line":36,"column":6},"end":{"line":36,"column":60}},"19":{"start":{"line":37,"column":6},"end":{"line":37,"column":67}},"20":{"start":{"line":39,"column":6},"end":{"line":39,"column":22}},"21":{"start":{"line":40,"column":6},"end":{"line":40,"column":13}},"22":{"start":{"line":45,"column":28},"end":{"line":52,"column":1}},"23":{"start":{"line":46,"column":2},"end":{"line":51,"column":3}},"24":{"start":{"line":47,"column":4},"end":{"line":50,"column":35}},"25":{"start":{"line":48,"column":6},"end":{"line":48,"column":62}},"26":{"start":{"line":49,"column":6},"end":{"line":49,"column":69}},"27":{"start":{"line":50,"column":18},"end":{"line":50,"column":34}},"28":{"start":{"line":54,"column":25},"end":{"line":60,"column":1}},"29":{"start":{"line":55,"column":2},"end":{"line":59,"column":3}},"30":{"start":{"line":56,"column":4},"end":{"line":58,"column":35}},"31":{"start":{"line":57,"column":6},"end":{"line":57,"column":61}},"32":{"start":{"line":58,"column":18},"end":{"line":58,"column":34}},"33":{"start":{"line":62,"column":28},"end":{"line":68,"column":1}},"34":{"start":{"line":63,"column":2},"end":{"line":67,"column":3}},"35":{"start":{"line":64,"column":4},"end":{"line":66,"column":35}},"36":{"start":{"line":65,"column":6},"end":{"line":65,"column":64}},"37":{"start":{"line":66,"column":18},"end":{"line":66,"column":34}}},"fnMap":{"0":{"name":"(anonymous_0)","decl":{"start":{"line":8,"column":22},"end":{"line":8,"column":23}},"loc":{"start":{"line":8,"column":59},"end":{"line":18,"column":1}},"line":8},"1":{"name":"(anonymous_1)","decl":{"start":{"line":9,"column":9},"end":{"line":9,"column":10}},"loc":{"start":{"line":9,"column":21},"end":{"line":17,"column":3}},"line":9},"2":{"name":"(anonymous_2)","decl":{"start":{"line":13,"column":24},"end":{"line":13,"column":25}},"loc":{"start":{"line":13,"column":34},"end":{"line":13,"column":83}},"line":13},"3":{"name":"(anonymous_3)","decl":{"start":{"line":14,"column":12},"end":{"line":14,"column":13}},"loc":{"start":{"line":14,"column":20},"end":{"line":16,"column":5}},"line":14},"4":{"name":"(anonymous_4)","decl":{"start":{"line":16,"column":13},"end":{"line":16,"column":14}},"loc":{"start":{"line":16,"column":18},"end":{"line":16,"column":34}},"line":16},"5":{"name":"(anonymous_5)","decl":{"start":{"line":20,"column":27},"end":{"line":20,"column":28}},"loc":{"start":{"line":20,"column":35},"end":{"line":30,"column":1}},"line":20},"6":{"name":"(anonymous_6)","decl":{"start":{"line":21,"column":9},"end":{"line":21,"column":10}},"loc":{"start":{"line":21,"column":21},"end":{"line":29,"column":3}},"line":21},"7":{"name":"(anonymous_7)","decl":{"start":{"line":22,"column":47},"end":{"line":22,"column":48}},"loc":{"start":{"line":22,"column":55},"end":{"line":25,"column":5}},"line":22},"8":{"name":"(anonymous_8)","decl":{"start":{"line":25,"column":13},"end":{"line":25,"column":14}},"loc":{"start":{"line":25,"column":18},"end":{"line":28,"column":5}},"line":25},"9":{"name":"(anonymous_9)","decl":{"start":{"line":32,"column":27},"end":{"line":32,"column":28}},"loc":{"start":{"line":32,"column":35},"end":{"line":43,"column":1}},"line":32},"10":{"name":"(anonymous_10)","decl":{"start":{"line":34,"column":9},"end":{"line":34,"column":10}},"loc":{"start":{"line":34,"column":21},"end":{"line":42,"column":3}},"line":34},"11":{"name":"(anonymous_11)","decl":{"start":{"line":35,"column":54},"end":{"line":35,"column":55}},"loc":{"start":{"line":35,"column":62},"end":{"line":38,"column":5}},"line":35},"12":{"name":"(anonymous_12)","decl":{"start":{"line":38,"column":13},"end":{"line":38,"column":14}},"loc":{"start":{"line":38,"column":18},"end":{"line":41,"column":5}},"line":38},"13":{"name":"(anonymous_13)","decl":{"start":{"line":45,"column":28},"end":{"line":45,"column":29}},"loc":{"start":{"line":45,"column":36},"end":{"line":52,"column":1}},"line":45},"14":{"name":"(anonymous_14)","decl":{"start":{"line":46,"column":9},"end":{"line":46,"column":10}},"loc":{"start":{"line":46,"column":21},"end":{"line":51,"column":3}},"line":46},"15":{"name":"(anonymous_15)","decl":{"start":{"line":47,"column":47},"end":{"line":47,"column":48}},"loc":{"start":{"line":47,"column":55},"end":{"line":50,"column":5}},"line":47},"16":{"name":"(anonymous_16)","decl":{"start":{"line":50,"column":13},"end":{"line":50,"column":14}},"loc":{"start":{"line":50,"column":18},"end":{"line":50,"column":34}},"line":50},"17":{"name":"(anonymous_17)","decl":{"start":{"line":54,"column":25},"end":{"line":54,"column":26}},"loc":{"start":{"line":54,"column":31},"end":{"line":60,"column":1}},"line":54},"18":{"name":"(anonymous_18)","decl":{"start":{"line":55,"column":9},"end":{"line":55,"column":10}},"loc":{"start":{"line":55,"column":21},"end":{"line":59,"column":3}},"line":55},"19":{"name":"(anonymous_19)","decl":{"start":{"line":56,"column":39},"end":{"line":56,"column":40}},"loc":{"start":{"line":56,"column":47},"end":{"line":58,"column":5}},"line":56},"20":{"name":"(anonymous_20)","decl":{"start":{"line":58,"column":13},"end":{"line":58,"column":14}},"loc":{"start":{"line":58,"column":18},"end":{"line":58,"column":34}},"line":58},"21":{"name":"(anonymous_21)","decl":{"start":{"line":62,"column":28},"end":{"line":62,"column":29}},"loc":{"start":{"line":62,"column":34},"end":{"line":68,"column":1}},"line":62},"22":{"name":"(anonymous_22)","decl":{"start":{"line":63,"column":9},"end":{"line":63,"column":10}},"loc":{"start":{"line":63,"column":21},"end":{"line":67,"column":3}},"line":63},"23":{"name":"(anonymous_23)","decl":{"start":{"line":64,"column":42},"end":{"line":64,"column":43}},"loc":{"start":{"line":64,"column":50},"end":{"line":66,"column":5}},"line":64},"24":{"name":"(anonymous_24)","decl":{"start":{"line":66,"column":13},"end":{"line":66,"column":14}},"loc":{"start":{"line":66,"column":18},"end":{"line":66,"column":34}},"line":66}},"branchMap":{},"s":{"0":1,"1":5,"2":5,"3":5,"4":1,"5":4,"6":1,"7":1,"8":2,"9":2,"10":1,"11":1,"12":1,"13":1,"14":1,"15":2,"16":2,"17":2,"18":1,"19":1,"20":1,"21":1,"22":1,"23":2,"24":2,"25":1,"26":1,"27":1,"28":1,"29":2,"30":2,"31":1,"32":1,"33":1,"34":2,"35":2,"36":1,"37":1},"f":{"0":5,"1":5,"2":1,"3":4,"4":1,"5":2,"6":2,"7":1,"8":1,"9":2,"10":2,"11":1,"12":1,"13":2,"14":2,"15":1,"16":1,"17":2,"18":2,"19":1,"20":1,"21":2,"22":2,"23":1,"24":1},"b":{},"_coverageSchema":"1a1c01bbd47fc00a2c39e90264f33305004495a9","hash":"1fa8d3f5f2f9ca8a189f5ec56d4653256249c155"}
,"/home/ronsal/dev/zrp/react/src/heroes/reducer.js": {"path":"/home/ronsal/dev/zrp/react/src/heroes/reducer.js","statementMap":{"0":{"start":{"line":1,"column":22},"end":{"line":14,"column":1}},"1":{"start":{"line":16,"column":14},"end":{"line":98,"column":1}},"2":{"start":{"line":17,"column":2},"end":{"line":97,"column":3}},"3":{"start":{"line":19,"column":6},"end":{"line":25,"column":7}},"4":{"start":{"line":27,"column":6},"end":{"line":33,"column":7}},"5":{"start":{"line":35,"column":6},"end":{"line":41,"column":7}},"6":{"start":{"line":43,"column":6},"end":{"line":46,"column":7}},"7":{"start":{"line":48,"column":6},"end":{"line":51,"column":7}},"8":{"start":{"line":53,"column":6},"end":{"line":59,"column":7}},"9":{"start":{"line":57,"column":45},"end":{"line":57,"column":95}},"10":{"start":{"line":61,"column":6},"end":{"line":67,"column":7}},"11":{"start":{"line":65,"column":48},"end":{"line":65,"column":75}},"12":{"start":{"line":69,"column":6},"end":{"line":75,"column":7}},"13":{"start":{"line":77,"column":6},"end":{"line":81,"column":7}},"14":{"start":{"line":83,"column":6},"end":{"line":86,"column":7}},"15":{"start":{"line":88,"column":6},"end":{"line":94,"column":7}},"16":{"start":{"line":96,"column":6},"end":{"line":96,"column":18}}},"fnMap":{"0":{"name":"(anonymous_0)","decl":{"start":{"line":16,"column":14},"end":{"line":16,"column":15}},"loc":{"start":{"line":16,"column":49},"end":{"line":98,"column":1}},"line":16},"1":{"name":"(anonymous_1)","decl":{"start":{"line":57,"column":38},"end":{"line":57,"column":39}},"loc":{"start":{"line":57,"column":45},"end":{"line":57,"column":95}},"line":57},"2":{"name":"(anonymous_2)","decl":{"start":{"line":65,"column":41},"end":{"line":65,"column":42}},"loc":{"start":{"line":65,"column":48},"end":{"line":65,"column":75}},"line":65}},"branchMap":{"0":{"loc":{"start":{"line":16,"column":15},"end":{"line":16,"column":36}},"type":"default-arg","locations":[{"start":{"line":16,"column":23},"end":{"line":16,"column":36}}],"line":16},"1":{"loc":{"start":{"line":17,"column":2},"end":{"line":97,"column":3}},"type":"switch","locations":[{"start":{"line":18,"column":4},"end":{"line":25,"column":7}},{"start":{"line":26,"column":4},"end":{"line":33,"column":7}},{"start":{"line":34,"column":4},"end":{"line":41,"column":7}},{"start":{"line":42,"column":4},"end":{"line":46,"column":7}},{"start":{"line":47,"column":4},"end":{"line":51,"column":7}},{"start":{"line":52,"column":4},"end":{"line":59,"column":7}},{"start":{"line":60,"column":4},"end":{"line":67,"column":7}},{"start":{"line":68,"column":4},"end":{"line":75,"column":7}},{"start":{"line":76,"column":4},"end":{"line":81,"column":7}},{"start":{"line":82,"column":4},"end":{"line":86,"column":7}},{"start":{"line":87,"column":4},"end":{"line":94,"column":7}},{"start":{"line":95,"column":4},"end":{"line":96,"column":18}}],"line":17},"2":{"loc":{"start":{"line":57,"column":45},"end":{"line":57,"column":95}},"type":"cond-expr","locations":[{"start":{"line":57,"column":75},"end":{"line":57,"column":89}},{"start":{"line":57,"column":92},"end":{"line":57,"column":95}}],"line":57}},"s":{"0":9,"1":9,"2":173,"3":2,"4":2,"5":1,"6":4,"7":2,"8":1,"9":2,"10":1,"11":3,"12":1,"13":1,"14":1,"15":4,"16":153},"f":{"0":173,"1":2,"2":3},"b":{"0":[116],"1":[2,2,1,4,2,1,1,1,1,1,4,153],"2":[1,1]},"_coverageSchema":"1a1c01bbd47fc00a2c39e90264f33305004495a9","hash":"6d3ad2c9221f783b725eee350d51511082c9ebd6"}
,"/home/ronsal/dev/zrp/react/src/navbar/InsurgencySlider.js": {"path":"/home/ronsal/dev/zrp/react/src/navbar/InsurgencySlider.js","statementMap":{"0":{"start":{"line":6,"column":25},"end":{"line":26,"column":1}},"1":{"start":{"line":7,"column":19},"end":{"line":7,"column":32}},"2":{"start":{"line":8,"column":15},"end":{"line":8,"column":48}},"3":{"start":{"line":9,"column":38},"end":{"line":9,"column":76}},"4":{"start":{"line":10,"column":2},"end":{"line":13,"column":18}},"5":{"start":{"line":11,"column":18},"end":{"line":11,"column":99}},"6":{"start":{"line":11,"column":35},"end":{"line":11,"column":92}},"7":{"start":{"line":12,"column":4},"end":{"line":12,"column":36}},"8":{"start":{"line":12,"column":17},"end":{"line":12,"column":36}},"9":{"start":{"line":14,"column":2},"end":{"line":25,"column":3}},"10":{"start":{"line":23,"column":23},"end":{"line":23,"column":43}}},"fnMap":{"0":{"name":"(anonymous_0)","decl":{"start":{"line":6,"column":25},"end":{"line":6,"column":26}},"loc":{"start":{"line":6,"column":31},"end":{"line":26,"column":1}},"line":6},"1":{"name":"(anonymous_1)","decl":{"start":{"line":10,"column":12},"end":{"line":10,"column":13}},"loc":{"start":{"line":10,"column":18},"end":{"line":13,"column":3}},"line":10},"2":{"name":"(anonymous_2)","decl":{"start":{"line":11,"column":29},"end":{"line":11,"column":30}},"loc":{"start":{"line":11,"column":35},"end":{"line":11,"column":92}},"line":11},"3":{"name":"(anonymous_3)","decl":{"start":{"line":12,"column":11},"end":{"line":12,"column":12}},"loc":{"start":{"line":12,"column":17},"end":{"line":12,"column":36}},"line":12},"4":{"name":"(anonymous_4)","decl":{"start":{"line":23,"column":18},"end":{"line":23,"column":19}},"loc":{"start":{"line":23,"column":23},"end":{"line":23,"column":43}},"line":23}},"branchMap":{},"s":{"0":1,"1":2,"2":2,"3":2,"4":2,"5":2,"6":0,"7":2,"8":2,"9":2,"10":6},"f":{"0":2,"1":2,"2":0,"3":2,"4":6},"b":{},"_coverageSchema":"1a1c01bbd47fc00a2c39e90264f33305004495a9","hash":"467c7f238d95108f14bb0c1262bd908bf987b4a6"}
,"/home/ronsal/dev/zrp/react/src/navbar/NavBar.js": {"path":"/home/ronsal/dev/zrp/react/src/navbar/NavBar.js","statementMap":{"0":{"start":{"line":4,"column":15},"end":{"line":19,"column":1}},"1":{"start":{"line":5,"column":2},"end":{"line":18,"column":3}}},"fnMap":{"0":{"name":"(anonymous_0)","decl":{"start":{"line":4,"column":15},"end":{"line":4,"column":16}},"loc":{"start":{"line":4,"column":21},"end":{"line":19,"column":1}},"line":4}},"branchMap":{},"s":{"0":1,"1":3},"f":{"0":3},"b":{},"_coverageSchema":"1a1c01bbd47fc00a2c39e90264f33305004495a9","hash":"74ae0cfe2153c7e532186e0a0655c464572e66e7"}
}
