TN:
SF:src/App.js
FN:12,(anonymous_0)
FN:15,(anonymous_1)
FN:39,(anonymous_2)
FN:40,(anonymous_3)
FN:41,(anonymous_4)
FN:42,(anonymous_5)
FNF:6
FNH:2
FNDA:9,(anonymous_0)
FNDA:13,(anonymous_1)
FNDA:0,(anonymous_2)
FNDA:0,(anonymous_3)
FNDA:0,(anonymous_4)
FNDA:0,(anonymous_5)
DA:10,1
DA:12,1
DA:13,9
DA:15,9
DA:16,13
DA:17,3
DA:18,3
DA:20,10
DA:21,1
DA:22,1
DA:24,9
DA:27,9
DA:39,0
DA:40,0
DA:41,0
DA:42,0
LF:16
LH:12
BRDA:16,0,0,3
BRDA:16,0,1,10
BRDA:16,1,0,13
BRDA:16,1,1,12
BRDA:16,1,2,11
BRDA:20,2,0,1
BRDA:20,2,1,9
BRDA:39,3,0,0
BRDA:39,3,1,0
BRDA:40,4,0,0
BRDA:40,4,1,0
BRDA:41,5,0,0
BRDA:41,5,1,0
BRDA:42,6,0,0
BRDA:42,6,1,0
BRF:15
BRH:7
end_of_record
TN:
SF:src/ErrorBoundary.js
FN:6,(anonymous_0)
FN:11,(anonymous_1)
FN:15,(anonymous_2)
FN:22,(anonymous_3)
FN:26,(anonymous_4)
FNF:5
FNH:4
FNDA:18,(anonymous_0)
FNDA:4,(anonymous_1)
FNDA:2,(anonymous_2)
FNDA:0,(anonymous_3)
FNDA:23,(anonymous_4)
DA:7,18
DA:8,17
DA:12,4
DA:16,2
DA:17,2
DA:18,0
DA:22,17
DA:23,0
DA:27,23
DA:28,6
DA:52,17
DA:56,3
LF:12
LH:10
BRDA:17,0,0,0
BRDA:17,0,1,2
BRDA:27,1,0,6
BRDA:27,1,1,17
BRDA:37,2,0,6
BRDA:37,2,1,0
BRDA:37,2,2,0
BRF:7
BRH:4
end_of_record
TN:
SF:src/Routes.js
FN:13,(anonymous_0)
FN:16,(anonymous_1)
FNF:2
FNH:2
FNDA:2,(anonymous_0)
FNDA:4,(anonymous_1)
DA:7,1
DA:13,1
DA:14,2
DA:17,4
LF:4
LH:4
BRF:0
BRH:0
end_of_record
TN:
SF:src/handleErrors.js
FN:4,(anonymous_0)
FN:7,(anonymous_1)
FNF:2
FNH:2
FNDA:17,(anonymous_0)
FNDA:3,(anonymous_1)
DA:4,3
DA:5,17
DA:6,5
DA:7,3
DA:8,3
DA:9,3
DA:10,2
DA:11,2
DA:13,2
DA:14,1
DA:16,12
DA:17,1
DA:18,11
DA:19,9
DA:21,2
LF:15
LH:15
BRDA:5,0,0,5
BRDA:5,0,1,12
BRDA:6,1,0,3
BRDA:6,1,1,2
BRDA:9,2,0,1
BRDA:9,2,1,2
BRDA:10,3,0,1
BRDA:10,3,1,1
BRDA:13,4,0,1
BRDA:13,4,1,1
BRDA:16,5,0,1
BRDA:16,5,1,11
BRDA:18,6,0,9
BRDA:18,6,1,2
BRF:14
BRH:14
end_of_record
TN:
SF:src/index.js
FN:23,(anonymous_0)
FN:39,(anonymous_1)
FNF:2
FNH:0
FNDA:0,(anonymous_0)
FNDA:0,(anonymous_1)
DA:18,0
DA:19,0
DA:21,0
DA:24,0
DA:27,0
DA:28,0
DA:39,0
DA:50,0
LF:8
LH:0
BRF:0
BRH:0
end_of_record
TN:
SF:src/reducers.js
FNF:0
FNH:0
DA:6,1
LF:1
LH:1
BRF:0
BRH:0
end_of_record
TN:
SF:src/reportWebVitals.js
FN:1,(anonymous_0)
FN:3,(anonymous_1)
FNF:2
FNH:1
FNDA:6,(anonymous_0)
FNDA:0,(anonymous_1)
DA:1,3
DA:2,6
DA:3,0
DA:4,0
DA:5,0
DA:6,0
DA:7,0
DA:8,0
LF:8
LH:2
BRDA:2,0,0,0
BRDA:2,0,1,6
BRDA:2,1,0,6
BRDA:2,1,1,4
BRF:4
BRH:3
end_of_record
TN:
SF:src/ws_action_types.js
FNF:0
FNH:0
DA:1,1
LF:1
LH:1
BRF:0
BRH:0
end_of_record
TN:
SF:src/dashboard/AverageScore.js
FN:4,(anonymous_0)
FN:5,(anonymous_1)
FNF:2
FNH:2
FNDA:2,(anonymous_0)
FNDA:4,(anonymous_1)
DA:4,1
DA:5,4
DA:7,2
LF:3
LH:3
BRDA:7,0,0,1
BRDA:7,0,1,1
BRF:2
BRH:2
end_of_record
TN:
SF:src/dashboard/AverageTimeToMatch.js
FN:4,(anonymous_0)
FN:5,(anonymous_1)
FNF:2
FNH:2
FNDA:4,(anonymous_0)
FNDA:8,(anonymous_1)
DA:4,1
DA:5,8
DA:7,4
DA:8,4
DA:9,4
DA:10,4
DA:12,4
LF:7
LH:7
BRDA:8,0,0,1
BRDA:8,0,1,3
BRDA:9,1,0,2
BRDA:9,1,1,2
BRDA:10,2,0,3
BRDA:10,2,1,1
BRDA:12,3,0,3
BRDA:12,3,1,1
BRF:8
BRH:8
end_of_record
TN:
SF:src/dashboard/BattlesCharts.js
FN:6,(anonymous_0)
FN:7,(anonymous_1)
FNF:2
FNH:2
FNDA:1,(anonymous_0)
FNDA:2,(anonymous_1)
DA:5,1
DA:6,1
DA:7,2
DA:9,1
LF:4
LH:4
BRF:0
BRH:0
end_of_record
TN:
SF:src/dashboard/Dashboard.js
FN:11,(anonymous_0)
FNF:1
FNH:1
FNDA:1,(anonymous_0)
DA:11,1
DA:12,1
LF:2
LH:2
BRF:0
BRH:0
end_of_record
TN:
SF:src/dashboard/HeroesDistribution.js
FN:5,(anonymous_0)
FN:6,(anonymous_1)
FN:17,(anonymous_2)
FNF:3
FNH:3
FNDA:3,(anonymous_0)
FNDA:6,(anonymous_1)
FNDA:4,(anonymous_2)
DA:5,1
DA:6,6
DA:7,3
DA:14,3
DA:18,4
LF:5
LH:5
BRDA:14,0,0,1
BRDA:14,0,1,2
BRF:2
BRH:2
end_of_record
TN:
SF:src/dashboard/HeroesWorking.js
FN:6,(anonymous_0)
FN:7,(anonymous_1)
FNF:2
FNH:2
FNDA:1,(anonymous_0)
FNDA:2,(anonymous_1)
DA:6,1
DA:7,2
DA:9,1
LF:3
LH:3
BRF:0
BRH:0
end_of_record
TN:
SF:src/dashboard/HistoricalThreats.js
FN:13,(anonymous_0)
FN:17,(anonymous_1)
FN:21,(anonymous_2)
FN:38,(anonymous_3)
FN:58,(anonymous_4)
FN:85,(anonymous_5)
FN:95,(anonymous_6)
FN:105,(anonymous_7)
FN:134,(anonymous_8)
FN:149,(anonymous_9)
FN:150,(anonymous_10)
FN:153,(anonymous_11)
FN:159,(anonymous_12)
FN:163,(anonymous_13)
FN:201,(anonymous_14)
FN:213,(anonymous_15)
FNF:16
FNH:9
FNDA:27,(anonymous_0)
FNDA:0,(anonymous_1)
FNDA:0,(anonymous_2)
FNDA:0,(anonymous_3)
FNDA:27,(anonymous_4)
FNDA:27,(anonymous_5)
FNDA:27,(anonymous_6)
FNDA:0,(anonymous_7)
FNDA:0,(anonymous_8)
FNDA:9,(anonymous_9)
FNDA:18,(anonymous_10)
FNDA:9,(anonymous_11)
FNDA:0,(anonymous_12)
FNDA:0,(anonymous_13)
FNDA:1,(anonymous_14)
FNDA:27,(anonymous_15)
DA:11,1
DA:12,1
DA:13,1
DA:14,27
DA:18,0
DA:21,0
DA:31,1
DA:38,1
DA:39,0
DA:41,0
DA:50,1
DA:58,1
DA:59,27
DA:66,27
DA:80,1
DA:85,1
DA:86,27
DA:87,27
DA:90,1
DA:95,1
DA:96,27
DA:97,27
DA:100,1
DA:105,1
DA:106,0
DA:107,0
DA:113,0
DA:114,0
DA:127,1
DA:134,1
DA:135,0
DA:136,0
DA:138,0
DA:149,1
DA:150,18
DA:151,9
DA:153,9
DA:154,9
DA:157,9
DA:159,9
DA:160,0
DA:161,0
DA:163,0
DA:164,0
DA:165,0
DA:167,0
DA:171,0
DA:172,0
DA:175,0
DA:178,9
DA:201,1
DA:214,27
LF:52
LH:32
BRDA:21,0,0,0
BRDA:21,0,1,27
BRDA:43,1,0,0
BRDA:43,1,1,0
BRDA:44,2,0,0
BRDA:44,2,1,0
BRDA:45,3,0,0
BRDA:45,3,1,0
BRDA:113,4,0,0
BRDA:113,4,1,0
BRDA:164,5,0,0
BRDA:164,5,1,0
BRDA:171,6,0,0
BRDA:171,6,1,0
BRDA:180,7,0,1
BRDA:180,7,1,8
BRDA:182,8,0,1
BRDA:182,8,1,7
BRF:18
BRH:5
end_of_record
TN:
SF:src/dashboard/SuperHero.js
FN:6,(anonymous_0)
FN:7,(anonymous_1)
FNF:2
FNH:2
FNDA:3,(anonymous_0)
FNDA:6,(anonymous_1)
DA:6,1
DA:7,6
DA:8,3
DA:15,3
LF:4
LH:4
BRDA:15,0,0,2
BRDA:15,0,1,1
BRF:2
BRH:2
end_of_record
TN:
SF:src/dashboard/ThreatsDisabled.js
FN:6,(anonymous_0)
FN:7,(anonymous_1)
FNF:2
FNH:2
FNDA:1,(anonymous_0)
FNDA:2,(anonymous_1)
DA:6,1
DA:7,2
DA:9,1
LF:3
LH:3
BRF:0
BRH:0
end_of_record
TN:
SF:src/dashboard/ThreatsDistribution.js
FN:5,(anonymous_0)
FN:6,(anonymous_1)
FN:17,(anonymous_2)
FNF:3
FNH:3
FNDA:3,(anonymous_0)
FNDA:6,(anonymous_1)
FNDA:4,(anonymous_2)
DA:5,1
DA:6,6
DA:7,3
DA:14,3
DA:18,4
LF:5
LH:5
BRDA:14,0,0,1
BRDA:14,0,1,2
BRF:2
BRH:2
end_of_record
TN:
SF:src/dashboard/actions.js
FN:4,(anonymous_0)
FN:5,(anonymous_1)
FN:7,(anonymous_2)
FN:9,(anonymous_3)
FN:13,(anonymous_4)
FN:14,(anonymous_5)
FN:15,(anonymous_6)
FN:17,(anonymous_7)
FNF:8
FNH:8
FNDA:2,(anonymous_0)
FNDA:2,(anonymous_1)
FNDA:1,(anonymous_2)
FNDA:1,(anonymous_3)
FNDA:2,(anonymous_4)
FNDA:2,(anonymous_5)
FNDA:1,(anonymous_6)
FNDA:1,(anonymous_7)
DA:4,1
DA:5,2
DA:6,2
DA:7,2
DA:8,1
DA:9,1
DA:13,1
DA:14,2
DA:15,2
DA:16,1
DA:17,1
LF:11
LH:11
BRF:0
BRH:0
end_of_record
TN:
SF:src/dashboard/reducer.js
FN:17,(anonymous_0)
FNF:1
FNH:1
FNDA:96,(anonymous_0)
DA:1,5
DA:17,5
DA:18,96
DA:20,1
DA:25,2
DA:31,1
DA:36,1
DA:41,1
DA:46,1
DA:51,1
DA:56,1
DA:61,1
DA:66,1
DA:71,1
DA:76,84
LF:15
LH:15
BRDA:17,0,0,70
BRDA:18,1,0,1
BRDA:18,1,1,2
BRDA:18,1,2,1
BRDA:18,1,3,1
BRDA:18,1,4,1
BRDA:18,1,5,1
BRDA:18,1,6,1
BRDA:18,1,7,1
BRDA:18,1,8,1
BRDA:18,1,9,1
BRDA:18,1,10,1
BRDA:18,1,11,84
BRF:13
BRH:13
end_of_record
TN:
SF:src/heroes/Filter.js
FN:8,(anonymous_0)
FN:12,(anonymous_1)
FN:15,(anonymous_2)
FN:16,(anonymous_3)
FN:26,(anonymous_4)
FN:27,(anonymous_5)
FN:30,(anonymous_6)
FN:31,(anonymous_7)
FN:35,(anonymous_8)
FN:42,(anonymous_9)
FNF:10
FNH:10
FNDA:14,(anonymous_0)
FNDA:23,(anonymous_1)
FNDA:8,(anonymous_2)
FNDA:8,(anonymous_3)
FNDA:8,(anonymous_4)
FNDA:28,(anonymous_5)
FNDA:8,(anonymous_6)
FNDA:21,(anonymous_7)
FNDA:1,(anonymous_8)
FNDA:5,(anonymous_9)
DA:8,1
DA:9,14
DA:10,13
DA:11,13
DA:12,23
DA:13,13
DA:15,13
DA:16,13
DA:19,13
DA:26,13
DA:27,28
DA:30,13
DA:31,21
DA:35,13
DA:36,1
DA:37,1
DA:38,1
DA:39,1
DA:42,13
DA:43,5
DA:44,5
DA:45,0
DA:46,0
DA:47,0
DA:51,13
LF:25
LH:22
BRDA:15,0,0,1
BRDA:15,0,1,7
BRDA:16,1,0,1
BRDA:16,1,1,7
BRDA:37,2,0,0
BRDA:37,2,1,1
BRDA:38,3,0,0
BRDA:38,3,1,1
BRDA:44,4,0,0
BRDA:44,4,1,5
BRDA:47,5,0,0
BRDA:47,5,1,0
BRF:12
BRH:7
end_of_record
TN:
SF:src/heroes/HeroForm.js
FN:8,(anonymous_0)
FN:31,(anonymous_1)
FN:34,(anonymous_2)
FN:36,(anonymous_3)
FN:47,(anonymous_4)
FN:51,(anonymous_5)
FN:54,(anonymous_6)
FN:63,(anonymous_7)
FN:64,(anonymous_8)
FN:71,(anonymous_9)
FN:72,(anonymous_10)
FNF:11
FNH:9
FNDA:66,(anonymous_0)
FNDA:60,(anonymous_1)
FNDA:87,(anonymous_2)
FNDA:50,(anonymous_3)
FNDA:2,(anonymous_4)
FNDA:0,(anonymous_5)
FNDA:0,(anonymous_6)
FNDA:26,(anonymous_7)
FNDA:98,(anonymous_8)
FNDA:26,(anonymous_9)
FNDA:25,(anonymous_10)
DA:8,3
DA:9,66
DA:10,64
DA:18,3
DA:24,3
DA:31,3
DA:32,60
DA:33,58
DA:34,87
DA:35,58
DA:36,58
DA:37,50
DA:43,50
DA:44,50
DA:46,58
DA:47,58
DA:48,2
DA:49,2
DA:51,58
DA:52,0
DA:53,0
DA:54,0
DA:57,58
DA:63,58
DA:64,98
DA:71,58
DA:72,58
DA:74,58
DA:101,3
LF:29
LH:26
BRDA:43,0,0,2
BRDA:43,0,1,48
BRDA:52,1,0,0
BRDA:52,1,1,0
BRDA:53,2,0,0
BRDA:53,2,1,0
BRDA:71,3,0,1
BRDA:71,3,1,25
BRDA:94,4,0,58
BRDA:94,4,1,0
BRF:10
BRH:5
end_of_record
TN:
SF:src/heroes/Heroes.js
FN:7,(anonymous_0)
FNF:1
FNH:1
FNDA:1,(anonymous_0)
DA:7,1
DA:9,1
LF:2
LH:2
BRF:0
BRH:0
end_of_record
TN:
SF:src/heroes/List.js
FN:14,(anonymous_0)
FN:16,(anonymous_1)
FN:17,(anonymous_2)
FN:23,(anonymous_3)
FN:24,(anonymous_4)
FN:26,(anonymous_5)
FN:44,(anonymous_6)
FN:89,(anonymous_7)
FN:92,(anonymous_8)
FN:93,(anonymous_9)
FN:103,(anonymous_10)
FN:109,(anonymous_11)
FN:119,(anonymous_12)
FN:125,(anonymous_13)
FN:140,(anonymous_14)
FNF:15
FNH:10
FNDA:14,(anonymous_0)
FNDA:21,(anonymous_1)
FNDA:21,(anonymous_2)
FNDA:7,(anonymous_3)
FNDA:7,(anonymous_4)
FNDA:0,(anonymous_5)
FNDA:24,(anonymous_6)
FNDA:24,(anonymous_7)
FNDA:0,(anonymous_8)
FNDA:0,(anonymous_9)
FNDA:24,(anonymous_10)
FNDA:24,(anonymous_11)
FNDA:24,(anonymous_12)
FNDA:0,(anonymous_13)
FNDA:0,(anonymous_14)
DA:11,1
DA:12,1
DA:14,1
DA:15,14
DA:16,21
DA:17,21
DA:18,14
DA:19,14
DA:20,14
DA:21,14
DA:23,14
DA:24,14
DA:26,14
DA:27,0
DA:28,0
DA:29,0
DA:32,14
DA:37,14
DA:44,14
DA:45,24
DA:56,14
DA:61,14
DA:90,24
DA:92,0
DA:93,0
DA:103,24
DA:109,24
DA:120,24
DA:125,0
DA:140,0
LF:30
LH:23
BRDA:49,0,0,4
BRDA:49,0,1,20
BRDA:65,1,0,2
BRDA:65,1,1,12
BRDA:67,2,0,2
BRDA:67,2,1,10
BRDA:75,3,0,10
BRDA:75,3,1,10
BRF:8
BRH:8
end_of_record
TN:
SF:src/heroes/Paginate.js
FN:6,(anonymous_0)
FN:8,(anonymous_1)
FN:11,(anonymous_2)
FN:12,(anonymous_3)
FN:14,(anonymous_4)
FNF:5
FNH:4
FNDA:4,(anonymous_0)
FNDA:8,(anonymous_1)
FNDA:0,(anonymous_2)
FNDA:1,(anonymous_3)
FNDA:4,(anonymous_4)
DA:6,1
DA:7,4
DA:8,8
DA:9,4
DA:10,4
DA:11,4
DA:12,4
DA:14,4
DA:15,4
DA:18,4
LF:10
LH:10
BRDA:12,0,0,1
BRDA:12,0,1,0
BRDA:15,1,0,4
BRDA:15,1,1,0
BRDA:15,2,0,4
BRDA:15,2,1,0
BRDA:31,3,0,4
BRDA:31,3,1,0
BRDA:34,4,0,4
BRDA:34,4,1,0
BRF:10
BRH:5
end_of_record
TN:
SF:src/heroes/Searcher.js
FN:9,(anonymous_0)
FN:10,(anonymous_1)
FN:14,(anonymous_2)
FN:25,(anonymous_3)
FN:28,(anonymous_4)
FN:38,(anonymous_5)
FN:45,(anonymous_6)
FN:47,(anonymous_7)
FNF:8
FNH:8
FNDA:19,(anonymous_0)
FNDA:33,(anonymous_1)
FNDA:2,(anonymous_2)
FNDA:18,(anonymous_3)
FNDA:1,(anonymous_4)
FNDA:13,(anonymous_5)
FNDA:2,(anonymous_6)
FNDA:1,(anonymous_7)
DA:9,1
DA:10,33
DA:11,18
DA:12,18
DA:13,18
DA:14,18
DA:15,2
DA:16,1
DA:17,1
DA:18,1
DA:19,1
DA:20,1
DA:21,1
DA:25,18
DA:26,18
DA:28,1
DA:34,18
DA:38,18
DA:39,18
DA:45,2
DA:47,1
LF:21
LH:21
BRDA:15,0,0,1
BRDA:15,0,1,1
BRDA:19,1,0,1
BRDA:19,1,1,0
BRF:4
BRH:3
end_of_record
TN:
SF:src/heroes/actions.js
FN:8,(anonymous_0)
FN:9,(anonymous_1)
FN:13,(anonymous_2)
FN:14,(anonymous_3)
FN:16,(anonymous_4)
FN:20,(anonymous_5)
FN:21,(anonymous_6)
FN:22,(anonymous_7)
FN:25,(anonymous_8)
FN:32,(anonymous_9)
FN:34,(anonymous_10)
FN:35,(anonymous_11)
FN:38,(anonymous_12)
FN:45,(anonymous_13)
FN:46,(anonymous_14)
FN:47,(anonymous_15)
FN:50,(anonymous_16)
FN:54,(anonymous_17)
FN:55,(anonymous_18)
FN:56,(anonymous_19)
FN:58,(anonymous_20)
FN:62,(anonymous_21)
FN:63,(anonymous_22)
FN:64,(anonymous_23)
FN:66,(anonymous_24)
FNF:25
FNH:25
FNDA:5,(anonymous_0)
FNDA:5,(anonymous_1)
FNDA:1,(anonymous_2)
FNDA:4,(anonymous_3)
FNDA:1,(anonymous_4)
FNDA:2,(anonymous_5)
FNDA:2,(anonymous_6)
FNDA:1,(anonymous_7)
FNDA:1,(anonymous_8)
FNDA:2,(anonymous_9)
FNDA:2,(anonymous_10)
FNDA:1,(anonymous_11)
FNDA:1,(anonymous_12)
FNDA:2,(anonymous_13)
FNDA:2,(anonymous_14)
FNDA:1,(anonymous_15)
FNDA:1,(anonymous_16)
FNDA:2,(anonymous_17)
FNDA:2,(anonymous_18)
FNDA:1,(anonymous_19)
FNDA:1,(anonymous_20)
FNDA:2,(anonymous_21)
FNDA:2,(anonymous_22)
FNDA:1,(anonymous_23)
FNDA:1,(anonymous_24)
DA:8,1
DA:9,5
DA:10,5
DA:11,5
DA:13,1
DA:15,4
DA:16,1
DA:20,1
DA:21,2
DA:22,2
DA:23,1
DA:24,1
DA:26,1
DA:27,1
DA:32,1
DA:33,2
DA:34,2
DA:35,2
DA:36,1
DA:37,1
DA:39,1
DA:40,1
DA:45,1
DA:46,2
DA:47,2
DA:48,1
DA:49,1
DA:50,1
DA:54,1
DA:55,2
DA:56,2
DA:57,1
DA:58,1
DA:62,1
DA:63,2
DA:64,2
DA:65,1
DA:66,1
LF:38
LH:38
BRF:0
BRH:0
end_of_record
TN:
SF:src/heroes/reducer.js
FN:16,(anonymous_0)
FN:57,(anonymous_1)
FN:65,(anonymous_2)
FNF:3
FNH:3
FNDA:173,(anonymous_0)
FNDA:2,(anonymous_1)
FNDA:3,(anonymous_2)
DA:1,9
DA:16,9
DA:17,173
DA:19,2
DA:27,2
DA:35,1
DA:43,4
DA:48,2
DA:53,1
DA:57,2
DA:61,1
DA:65,3
DA:69,1
DA:77,1
DA:83,1
DA:88,4
DA:96,153
LF:17
LH:17
BRDA:16,0,0,116
BRDA:17,1,0,2
BRDA:17,1,1,2
BRDA:17,1,2,1
BRDA:17,1,3,4
BRDA:17,1,4,2
BRDA:17,1,5,1
BRDA:17,1,6,1
BRDA:17,1,7,1
BRDA:17,1,8,1
BRDA:17,1,9,1
BRDA:17,1,10,4
BRDA:17,1,11,153
BRDA:57,2,0,1
BRDA:57,2,1,1
BRF:15
BRH:15
end_of_record
TN:
SF:src/navbar/InsurgencySlider.js
FN:6,(anonymous_0)
FN:10,(anonymous_1)
FN:11,(anonymous_2)
FN:12,(anonymous_3)
FN:23,(anonymous_4)
FNF:5
FNH:4
FNDA:2,(anonymous_0)
FNDA:2,(anonymous_1)
FNDA:0,(anonymous_2)
FNDA:2,(anonymous_3)
FNDA:6,(anonymous_4)
DA:6,1
DA:7,2
DA:8,2
DA:9,2
DA:10,2
DA:11,2
DA:12,2
DA:14,2
DA:23,6
LF:9
LH:9
BRF:0
BRH:0
end_of_record
TN:
SF:src/navbar/NavBar.js
FN:4,(anonymous_0)
FNF:1
FNH:1
FNDA:3,(anonymous_0)
DA:4,1
DA:5,3
LF:2
LH:2
BRF:0
BRH:0
end_of_record
